;  LST file generated by mikroListExporter - v.2.0 
; Date/Time: 11/07/2018 16:53:50
;----------------------------------------------

;Address Opcode 	ASM
0x0000	0xF003EF81  	GOTO        1794
0x0004	0x0000      	NOP
0x0006	0x0000      	NOP
0x0008	0xF000EF00  	GOTO        0
0x000C	0x0000      	NOP
0x000E	0x0000      	NOP
0x0010	0x0000      	NOP
0x0012	0x0000      	NOP
0x0014	0x0000      	NOP
0x0016	0x0000      	NOP
0x0018	0xD7F3      	BRA         0
_Delay_50us:
;__Lib_Delays.c,19 :: 		void Delay_50us() {
;__Lib_Delays.c,20 :: 		Delay_us(50);
0x001C	0x0E21      	MOVLW       33
0x001E	0x6E0D      	MOVWF       R13, 0
L_Delay_50us2:
0x0020	0x2E0D      	DECFSZ      R13, 1, 0
0x0022	0xD7FE      	BRA         L_Delay_50us2
;__Lib_Delays.c,21 :: 		}
L_end_Delay_50us:
0x0024	0x0012      	RETURN      0
; end of _Delay_50us
_Delay_5500us:
;__Lib_Delays.c,31 :: 		void Delay_5500us() {
;__Lib_Delays.c,32 :: 		Delay_us(5500);
0x0026	0x0E0F      	MOVLW       15
0x0028	0x6E0C      	MOVWF       R12, 0
0x002A	0x0E47      	MOVLW       71
0x002C	0x6E0D      	MOVWF       R13, 0
L_Delay_5500us5:
0x002E	0x2E0D      	DECFSZ      R13, 1, 0
0x0030	0xD7FE      	BRA         L_Delay_5500us5
0x0032	0x2E0C      	DECFSZ      R12, 1, 0
0x0034	0xD7FC      	BRA         L_Delay_5500us5
0x0036	0x0000      	NOP
0x0038	0x0000      	NOP
;__Lib_Delays.c,33 :: 		}
L_end_Delay_5500us:
0x003A	0x0012      	RETURN      0
; end of _Delay_5500us
_Delay_1us:
;__Lib_Delays.c,7 :: 		void Delay_1us() {
;__Lib_Delays.c,8 :: 		Delay_us(1);
0x003C	0x0000      	NOP
0x003E	0x0000      	NOP
;__Lib_Delays.c,9 :: 		}
L_end_Delay_1us:
0x0040	0x0012      	RETURN      0
; end of _Delay_1us
_Lcd_Cmd:
;__Lib_Lcd.c,18 :: 		
;__Lib_Lcd.c,20 :: 		
0x0042	0x0100      	MOVLB       0
0x0044	0xBFCF      	BTFSC       FARG_Lcd_Cmd_out_char, 7, 1
0x0046	0xD002      	BRA         L__Lcd_Cmd21
0x0048	0x9E83      	BCF         LCD_D7, BitPos(LCD_D7+0) 
0x004A	0xD001      	BRA         L__Lcd_Cmd22
L__Lcd_Cmd21:
0x004C	0x8E83      	BSF         LCD_D7, BitPos(LCD_D7+0) 
L__Lcd_Cmd22:
;__Lib_Lcd.c,21 :: 		
0x004E	0xBDCF      	BTFSC       FARG_Lcd_Cmd_out_char, 6, 1
0x0050	0xD002      	BRA         L__Lcd_Cmd23
0x0052	0x9C83      	BCF         LCD_D6, BitPos(LCD_D6+0) 
0x0054	0xD001      	BRA         L__Lcd_Cmd24
L__Lcd_Cmd23:
0x0056	0x8C83      	BSF         LCD_D6, BitPos(LCD_D6+0) 
L__Lcd_Cmd24:
;__Lib_Lcd.c,22 :: 		
0x0058	0xBBCF      	BTFSC       FARG_Lcd_Cmd_out_char, 5, 1
0x005A	0xD002      	BRA         L__Lcd_Cmd25
0x005C	0x9A83      	BCF         LCD_D5, BitPos(LCD_D5+0) 
0x005E	0xD001      	BRA         L__Lcd_Cmd26
L__Lcd_Cmd25:
0x0060	0x8A83      	BSF         LCD_D5, BitPos(LCD_D5+0) 
L__Lcd_Cmd26:
;__Lib_Lcd.c,23 :: 		
0x0062	0xB9CF      	BTFSC       FARG_Lcd_Cmd_out_char, 4, 1
0x0064	0xD002      	BRA         L__Lcd_Cmd27
0x0066	0x9883      	BCF         LCD_D4, BitPos(LCD_D4+0) 
0x0068	0xD001      	BRA         L__Lcd_Cmd28
L__Lcd_Cmd27:
0x006A	0x8883      	BSF         LCD_D4, BitPos(LCD_D4+0) 
L__Lcd_Cmd28:
;__Lib_Lcd.c,25 :: 		
0x006C	0xB1AD      	BTFSC       __Lib_Lcd_cmd_status, BitPos(__Lib_Lcd_cmd_status+0), 1
0x006E	0xD002      	BRA         L__Lcd_Cmd29
0x0070	0x8484      	BSF         LCD_RS, BitPos(LCD_RS+0) 
0x0072	0xD001      	BRA         L__Lcd_Cmd30
L__Lcd_Cmd29:
0x0074	0x9484      	BCF         LCD_RS, BitPos(LCD_RS+0) 
L__Lcd_Cmd30:
;__Lib_Lcd.c,28 :: 		
0x0076	0x8284      	BSF         LCD_EN, BitPos(LCD_EN+0) 
;__Lib_Lcd.c,29 :: 		
0x0078	0xDFE1      	RCALL       _Delay_1us
;__Lib_Lcd.c,30 :: 		
0x007A	0x9284      	BCF         LCD_EN, BitPos(LCD_EN+0) 
;__Lib_Lcd.c,33 :: 		
0x007C	0xB7CF      	BTFSC       FARG_Lcd_Cmd_out_char, 3, 1
0x007E	0xD002      	BRA         L__Lcd_Cmd31
0x0080	0x9E83      	BCF         LCD_D7, BitPos(LCD_D7+0) 
0x0082	0xD001      	BRA         L__Lcd_Cmd32
L__Lcd_Cmd31:
0x0084	0x8E83      	BSF         LCD_D7, BitPos(LCD_D7+0) 
L__Lcd_Cmd32:
;__Lib_Lcd.c,34 :: 		
0x0086	0xB5CF      	BTFSC       FARG_Lcd_Cmd_out_char, 2, 1
0x0088	0xD002      	BRA         L__Lcd_Cmd33
0x008A	0x9C83      	BCF         LCD_D6, BitPos(LCD_D6+0) 
0x008C	0xD001      	BRA         L__Lcd_Cmd34
L__Lcd_Cmd33:
0x008E	0x8C83      	BSF         LCD_D6, BitPos(LCD_D6+0) 
L__Lcd_Cmd34:
;__Lib_Lcd.c,35 :: 		
0x0090	0xB3CF      	BTFSC       FARG_Lcd_Cmd_out_char, 1, 1
0x0092	0xD002      	BRA         L__Lcd_Cmd35
0x0094	0x9A83      	BCF         LCD_D5, BitPos(LCD_D5+0) 
0x0096	0xD001      	BRA         L__Lcd_Cmd36
L__Lcd_Cmd35:
0x0098	0x8A83      	BSF         LCD_D5, BitPos(LCD_D5+0) 
L__Lcd_Cmd36:
;__Lib_Lcd.c,36 :: 		
0x009A	0xB1CF      	BTFSC       FARG_Lcd_Cmd_out_char, 0, 1
0x009C	0xD002      	BRA         L__Lcd_Cmd37
0x009E	0x9883      	BCF         LCD_D4, BitPos(LCD_D4+0) 
0x00A0	0xD001      	BRA         L__Lcd_Cmd38
L__Lcd_Cmd37:
0x00A2	0x8883      	BSF         LCD_D4, BitPos(LCD_D4+0) 
L__Lcd_Cmd38:
;__Lib_Lcd.c,38 :: 		
0x00A4	0xB1AD      	BTFSC       __Lib_Lcd_cmd_status, BitPos(__Lib_Lcd_cmd_status+0), 1
0x00A6	0xD002      	BRA         L__Lcd_Cmd39
0x00A8	0x8484      	BSF         LCD_RS, BitPos(LCD_RS+0) 
0x00AA	0xD001      	BRA         L__Lcd_Cmd40
L__Lcd_Cmd39:
0x00AC	0x9484      	BCF         LCD_RS, BitPos(LCD_RS+0) 
L__Lcd_Cmd40:
;__Lib_Lcd.c,40 :: 		
0x00AE	0x8284      	BSF         LCD_EN, BitPos(LCD_EN+0) 
;__Lib_Lcd.c,41 :: 		
0x00B0	0xDFC5      	RCALL       _Delay_1us
;__Lib_Lcd.c,42 :: 		
0x00B2	0x9284      	BCF         LCD_EN, BitPos(LCD_EN+0) 
;__Lib_Lcd.c,44 :: 		
0x00B4	0xA1AD      	BTFSS       __Lib_Lcd_cmd_status, BitPos(__Lib_Lcd_cmd_status+0), 1
0x00B6	0xD002      	BRA         L_Lcd_Cmd0
;__Lib_Lcd.c,45 :: 		
0x00B8	0xDFB6      	RCALL       _Delay_5500us
0x00BA	0xD001      	BRA         L_Lcd_Cmd1
L_Lcd_Cmd0:
;__Lib_Lcd.c,47 :: 		
0x00BC	0xDFAF      	RCALL       _Delay_50us
L_Lcd_Cmd1:
;__Lib_Lcd.c,48 :: 		
L_end_Lcd_Cmd:
0x00BE	0x0012      	RETURN      0
; end of _Lcd_Cmd
_Lcd_Chr_CP:
;__Lib_Lcd.c,50 :: 		
;__Lib_Lcd.c,52 :: 		
0x00C0	0x0100      	MOVLB       0
0x00C2	0x91AD      	BCF         __Lib_Lcd_cmd_status, BitPos(__Lib_Lcd_cmd_status+0), 1
;__Lib_Lcd.c,53 :: 		
0x00C4	0xF0CFC0CC  	MOVFF       FARG_Lcd_Chr_CP_out_char, FARG_Lcd_Cmd_out_char
0x00C8	0xDFBC      	RCALL       _Lcd_Cmd
;__Lib_Lcd.c,54 :: 		
0x00CA	0x81AD      	BSF         __Lib_Lcd_cmd_status, BitPos(__Lib_Lcd_cmd_status+0), 1
;__Lib_Lcd.c,55 :: 		
L_end_Lcd_Chr_CP:
0x00CC	0x0012      	RETURN      0
; end of _Lcd_Chr_CP
_I2C1_Is_Idle:
;__Lib_I2C_c34.c,29 :: 		
;__Lib_I2C_c34.c,30 :: 		
0x00CE	0xB4C7      	BTFSC       SSPSTAT, 2 
0x00D0	0xD009      	BRA         L_I2C1_Is_Idle0
;__Lib_I2C_c34.c,31 :: 		
0x00D2	0x0E1F      	MOVLW       31
0x00D4	0x14C5      	ANDWF       SSPCON2, 0 
0x00D6	0x6E01      	MOVWF       R1 
0x00D8	0x5001      	MOVF        R1, 0 
0x00DA	0x0A00      	XORLW       0
0x00DC	0xE103      	BNZ         L_I2C1_Is_Idle1
;__Lib_I2C_c34.c,32 :: 		
0x00DE	0x0E01      	MOVLW       1
0x00E0	0x6E00      	MOVWF       R0 
0x00E2	0xD001      	BRA         L_end_I2C1_Is_Idle
L_I2C1_Is_Idle1:
L_I2C1_Is_Idle0:
;__Lib_I2C_c34.c,33 :: 		
0x00E4	0x6A00      	CLRF        R0 
;__Lib_I2C_c34.c,34 :: 		
L_end_I2C1_Is_Idle:
0x00E6	0x0012      	RETURN      0
; end of _I2C1_Is_Idle
_Lcd_Chr:
;__Lib_Lcd.c,65 :: 		
;__Lib_Lcd.c,66 :: 		
0x00E8	0xD010      	BRA         L_Lcd_Chr4
;__Lib_Lcd.c,67 :: 		
L_Lcd_Chr6:
0x00EA	0x0E80      	MOVLW       128
0x00EC	0x0100      	MOVLB       0
0x00EE	0x6FCC      	MOVWF       FARG_Lcd_Chr_row, 1
0x00F0	0xD01A      	BRA         L_Lcd_Chr5
;__Lib_Lcd.c,68 :: 		
L_Lcd_Chr7:
0x00F2	0x0EC0      	MOVLW       192
0x00F4	0x6FCC      	MOVWF       FARG_Lcd_Chr_row, 1
0x00F6	0xD017      	BRA         L_Lcd_Chr5
;__Lib_Lcd.c,69 :: 		
L_Lcd_Chr8:
0x00F8	0x0E94      	MOVLW       148
0x00FA	0x6FCC      	MOVWF       FARG_Lcd_Chr_row, 1
0x00FC	0xD014      	BRA         L_Lcd_Chr5
;__Lib_Lcd.c,70 :: 		
L_Lcd_Chr9:
0x00FE	0x0ED4      	MOVLW       212
0x0100	0x6FCC      	MOVWF       FARG_Lcd_Chr_row, 1
0x0102	0xD011      	BRA         L_Lcd_Chr5
;__Lib_Lcd.c,71 :: 		
L_Lcd_Chr10:
0x0104	0x0E80      	MOVLW       128
0x0106	0x6FCC      	MOVWF       FARG_Lcd_Chr_row, 1
;__Lib_Lcd.c,72 :: 		
0x0108	0xD00E      	BRA         L_Lcd_Chr5
L_Lcd_Chr4:
0x010A	0x0100      	MOVLB       0
0x010C	0x51CC      	MOVF        FARG_Lcd_Chr_row, 0, 1
0x010E	0x0A01      	XORLW       1
0x0110	0xE0EC      	BZ          L_Lcd_Chr6
0x0112	0x51CC      	MOVF        FARG_Lcd_Chr_row, 0, 1
0x0114	0x0A02      	XORLW       2
0x0116	0xE0ED      	BZ          L_Lcd_Chr7
0x0118	0x51CC      	MOVF        FARG_Lcd_Chr_row, 0, 1
0x011A	0x0A03      	XORLW       3
0x011C	0xE0ED      	BZ          L_Lcd_Chr8
0x011E	0x51CC      	MOVF        FARG_Lcd_Chr_row, 0, 1
0x0120	0x0A04      	XORLW       4
0x0122	0xE0ED      	BZ          L_Lcd_Chr9
0x0124	0xD7EF      	BRA         L_Lcd_Chr10
L_Lcd_Chr5:
;__Lib_Lcd.c,74 :: 		
0x0126	0x05CD      	DECF        FARG_Lcd_Chr_column, 0, 1
0x0128	0x6E00      	MOVWF       R0 
0x012A	0x51CC      	MOVF        FARG_Lcd_Chr_row, 0, 1
0x012C	0x2600      	ADDWF       R0, 1 
0x012E	0xF0CCC000  	MOVFF       R0, FARG_Lcd_Chr_row
;__Lib_Lcd.c,76 :: 		
0x0132	0x81AD      	BSF         __Lib_Lcd_cmd_status, BitPos(__Lib_Lcd_cmd_status+0), 1
;__Lib_Lcd.c,77 :: 		
0x0134	0xF0CFC000  	MOVFF       R0, FARG_Lcd_Cmd_out_char
0x0138	0xDF84      	RCALL       _Lcd_Cmd
;__Lib_Lcd.c,79 :: 		
0x013A	0x91AD      	BCF         __Lib_Lcd_cmd_status, BitPos(__Lib_Lcd_cmd_status+0), 1
;__Lib_Lcd.c,80 :: 		
0x013C	0xF0CFC0CE  	MOVFF       FARG_Lcd_Chr_out_char, FARG_Lcd_Cmd_out_char
0x0140	0xDF80      	RCALL       _Lcd_Cmd
;__Lib_Lcd.c,81 :: 		
0x0142	0x81AD      	BSF         __Lib_Lcd_cmd_status, BitPos(__Lib_Lcd_cmd_status+0), 1
;__Lib_Lcd.c,82 :: 		
L_end_Lcd_Chr:
0x0144	0x0012      	RETURN      0
; end of _Lcd_Chr
_I2C1_Start:
;__Lib_I2C_c34.c,36 :: 		
;__Lib_I2C_c34.c,39 :: 		
0x0146	0x0100      	MOVLB       0
0x0148	0x6BC7      	CLRF        I2C1_Start_j_L0, 1
0x014A	0x6BC8      	CLRF        I2C1_Start_j_L0+1, 1
L_I2C1_Start2:
0x014C	0x51C8      	MOVF        I2C1_Start_j_L0+1, 0, 1
0x014E	0x0812      	SUBLW       18
0x0150	0xE102      	BNZ         L__I2C1_Start27
0x0152	0x51C7      	MOVF        I2C1_Start_j_L0, 0, 1
0x0154	0x088E      	SUBLW       142
L__I2C1_Start27:
0x0156	0xE308      	BNC         L_I2C1_Start3
;__Lib_I2C_c34.c,40 :: 		
0x0158	0xDFBA      	RCALL       _I2C1_Is_Idle
0x015A	0x5200      	MOVF        R0, 1 
0x015C	0xE001      	BZ          L_I2C1_Start5
;__Lib_I2C_c34.c,41 :: 		
0x015E	0xD004      	BRA         L_I2C1_Start3
L_I2C1_Start5:
;__Lib_I2C_c34.c,39 :: 		
0x0160	0x0100      	MOVLB       0
0x0162	0x4BC7      	INFSNZ      I2C1_Start_j_L0, 1, 1
0x0164	0x2BC8      	INCF        I2C1_Start_j_L0+1, 1, 1
;__Lib_I2C_c34.c,42 :: 		
0x0166	0xD7F2      	BRA         L_I2C1_Start2
L_I2C1_Start3:
0x0168	0x0100      	MOVLB       0
;__Lib_I2C_c34.c,44 :: 		
0x016A	0x0E12      	MOVLW       18
0x016C	0x5DC8      	SUBWF       I2C1_Start_j_L0+1, 0, 1
0x016E	0xE102      	BNZ         L__I2C1_Start28
0x0170	0x0E8F      	MOVLW       143
0x0172	0x5DC7      	SUBWF       I2C1_Start_j_L0, 0, 1
L__I2C1_Start28:
0x0174	0xE303      	BNC         L_I2C1_Start6
;__Lib_I2C_c34.c,45 :: 		
0x0176	0x0E7B      	MOVLW       123
0x0178	0x6E00      	MOVWF       R0 
0x017A	0xD005      	BRA         L_end_I2C1_Start
L_I2C1_Start6:
;__Lib_I2C_c34.c,47 :: 		
0x017C	0x80C5      	BSF         SSPCON2, 0 
;__Lib_I2C_c34.c,48 :: 		
L_I2C1_Start8:
0x017E	0xA0C5      	BTFSS       SSPCON2, 0 
0x0180	0xD001      	BRA         L_I2C1_Start9
;__Lib_I2C_c34.c,49 :: 		
0x0182	0xD7FD      	BRA         L_I2C1_Start8
L_I2C1_Start9:
;__Lib_I2C_c34.c,50 :: 		
0x0184	0x6A00      	CLRF        R0 
;__Lib_I2C_c34.c,52 :: 		
L_end_I2C1_Start:
0x0186	0x0012      	RETURN      0
; end of _I2C1_Start
_Mul_16X16_U:
;__Lib_Math.c,440 :: 		
;__Lib_Math.c,447 :: 		
0x0188	0x6A0B      	CLRF        R11, 0
;__Lib_Math.c,448 :: 		
0x018A	0x6A0A      	CLRF        R10, 0
;__Lib_Math.c,449 :: 		
0x018C	0x6A09      	CLRF        R9, 0
;__Lib_Math.c,450 :: 		
0x018E	0x5000      	MOVF        R0, 0, 0
;__Lib_Math.c,451 :: 		
0x0190	0x0204      	MULWF       R4, 0
;__Lib_Math.c,453 :: 		
0x0192	0xF009CFF4  	MOVFF       PRODH, R9
;__Lib_Math.c,454 :: 		
0x0196	0xF008CFF3  	MOVFF       PRODL, R8
;__Lib_Math.c,455 :: 		
0x019A	0x5001      	MOVF        R1, 0, 0
;__Lib_Math.c,456 :: 		
0x019C	0x0205      	MULWF       R5, 0
;__Lib_Math.c,458 :: 		
0x019E	0xF00BCFF4  	MOVFF       PRODH, R11
;__Lib_Math.c,459 :: 		
0x01A2	0xF00ACFF3  	MOVFF       PRODL, R10
;__Lib_Math.c,460 :: 		
0x01A6	0x5000      	MOVF        R0, 0, 0
;__Lib_Math.c,461 :: 		
0x01A8	0x0205      	MULWF       R5, 0
;__Lib_Math.c,463 :: 		
0x01AA	0x50F3      	MOVF        PRODL, 0, 0
;__Lib_Math.c,464 :: 		
0x01AC	0x2609      	ADDWF       R9, 1, 0
;__Lib_Math.c,465 :: 		
0x01AE	0x50F4      	MOVF        PRODH, 0, 0
;__Lib_Math.c,466 :: 		
0x01B0	0x220A      	ADDWFC      R10, 1, 0
;__Lib_Math.c,467 :: 		
0x01B2	0x6AE8      	CLRF        WREG, 0
;__Lib_Math.c,468 :: 		
0x01B4	0x220B      	ADDWFC      R11, 1, 0
;__Lib_Math.c,469 :: 		
0x01B6	0x5001      	MOVF        R1, 0, 0
;__Lib_Math.c,470 :: 		
0x01B8	0x0204      	MULWF       R4, 0
;__Lib_Math.c,472 :: 		
0x01BA	0x50F3      	MOVF        PRODL, 0, 0
;__Lib_Math.c,473 :: 		
0x01BC	0x2609      	ADDWF       R9, 1, 0
;__Lib_Math.c,474 :: 		
0x01BE	0x50F4      	MOVF        PRODH, 0, 0
;__Lib_Math.c,475 :: 		
0x01C0	0x220A      	ADDWFC      R10, 1, 0
;__Lib_Math.c,476 :: 		
0x01C2	0x6AE8      	CLRF        WREG, 0
;__Lib_Math.c,477 :: 		
0x01C4	0x220B      	ADDWFC      R11, 1, 0
;__Lib_Math.c,479 :: 		
0x01C6	0xF000C008  	MOVFF       R8, R0
;__Lib_Math.c,480 :: 		
0x01CA	0xF001C009  	MOVFF       R9, R1
;__Lib_Math.c,481 :: 		
0x01CE	0xF002C00A  	MOVFF       R10, R2
;__Lib_Math.c,482 :: 		
0x01D2	0xF003C00B  	MOVFF       R11, R3
;__Lib_Math.c,485 :: 		
L_end_Mul_16X16_U:
0x01D6	0x0012      	RETURN      0
; end of _Mul_16X16_U
_I2C1_Init:
;__Lib_I2C_c34.c,4 :: 		
;__Lib_I2C_c34.c,11 :: 		
0x01D8	0x9894      	BCF         TRISC4_bit, BitPos(TRISC4_bit+0) 
;__Lib_I2C_c34.c,12 :: 		
0x01DA	0x9694      	BCF         TRISC3_bit, BitPos(TRISC3_bit+0) 
;__Lib_I2C_c34.c,15 :: 		
0x01DC	0x988B      	BCF         LATC4_bit, BitPos(LATC4_bit+0) 
;__Lib_I2C_c34.c,16 :: 		
0x01DE	0x968B      	BCF         LATC3_bit, BitPos(LATC3_bit+0) 
;__Lib_I2C_c34.c,19 :: 		
0x01E0	0x8894      	BSF         TRISC4_bit, BitPos(TRISC4_bit+0) 
;__Lib_I2C_c34.c,20 :: 		
0x01E2	0x8694      	BSF         TRISC3_bit, BitPos(TRISC3_bit+0) 
;__Lib_I2C_c34.c,22 :: 		
0x01E4	0x9EC7      	BCF         SSPSTAT, 7 
;__Lib_I2C_c34.c,23 :: 		
0x01E6	0x9CC7      	BCF         SSPSTAT, 6 
;__Lib_I2C_c34.c,24 :: 		
0x01E8	0x0E38      	MOVLW       56
0x01EA	0x6EC6      	MOVWF       SSPCON1 
;__Lib_I2C_c34.c,27 :: 		
L_end_I2C1_Init:
0x01EC	0x0012      	RETURN      0
; end of _I2C1_Init
_Delay_22us:
;__Lib_Delays.c,15 :: 		void Delay_22us() {
;__Lib_Delays.c,16 :: 		Delay_us(22);
0x01EE	0x0E0E      	MOVLW       14
0x01F0	0x6E0D      	MOVWF       R13, 0
L_Delay_22us1:
0x01F2	0x2E0D      	DECFSZ      R13, 1, 0
0x01F4	0xD7FE      	BRA         L_Delay_22us1
0x01F6	0x0000      	NOP
;__Lib_Delays.c,17 :: 		}
L_end_Delay_22us:
0x01F8	0x0012      	RETURN      0
; end of _Delay_22us
_I2C1_Stop:
;__Lib_I2C_c34.c,105 :: 		
;__Lib_I2C_c34.c,106 :: 		
0x01FA	0x84C5      	BSF         SSPCON2, 2 
;__Lib_I2C_c34.c,107 :: 		
L_end_I2C1_Stop:
0x01FC	0x0012      	RETURN      0
; end of _I2C1_Stop
_Converte_BCD:
;PROJPIC.c,49 :: 		void Converte_BCD(unsigned char ucLinha, unsigned char ucColuna,unsigned char ucValor) {
;PROJPIC.c,52 :: 		ucValor1 = (ucValor >> 4  ) + '0';    // Converte o primeiro nibble em BCD e ap?s em string
0x01FE	0xF0CEC0C9  	MOVFF       FARG_Converte_BCD_ucValor, FARG_Lcd_Chr_out_char
0x0202	0x0100      	MOVLB       0
0x0204	0x33CE      	RRCF        FARG_Lcd_Chr_out_char, 1, 1
0x0206	0x9FCE      	BCF         FARG_Lcd_Chr_out_char, 7, 1
0x0208	0x33CE      	RRCF        FARG_Lcd_Chr_out_char, 1, 1
0x020A	0x9FCE      	BCF         FARG_Lcd_Chr_out_char, 7, 1
0x020C	0x33CE      	RRCF        FARG_Lcd_Chr_out_char, 1, 1
0x020E	0x9FCE      	BCF         FARG_Lcd_Chr_out_char, 7, 1
0x0210	0x33CE      	RRCF        FARG_Lcd_Chr_out_char, 1, 1
0x0212	0x9FCE      	BCF         FARG_Lcd_Chr_out_char, 7, 1
0x0214	0x0E30      	MOVLW       48
0x0216	0x27CE      	ADDWF       FARG_Lcd_Chr_out_char, 1, 1
;PROJPIC.c,53 :: 		Lcd_Chr(ucLinha,ucColuna,ucValor1);   // Escreve caractere no LCD
0x0218	0xF0CCC0C7  	MOVFF       FARG_Converte_BCD_ucLinha, FARG_Lcd_Chr_row
0x021C	0xF0CDC0C8  	MOVFF       FARG_Converte_BCD_ucColuna, FARG_Lcd_Chr_column
0x0220	0xDF63      	RCALL       _Lcd_Chr
;PROJPIC.c,54 :: 		ucValor2 = (ucValor & 0x0F) + '0';    // Converte o segundo nibble em BCD e ap?s isso, em string
0x0222	0x0E0F      	MOVLW       15
0x0224	0x15C9      	ANDWF       FARG_Converte_BCD_ucValor, 0, 1
0x0226	0x6FCC      	MOVWF       FARG_Lcd_Chr_CP_out_char, 1
0x0228	0x0E30      	MOVLW       48
0x022A	0x27CC      	ADDWF       FARG_Lcd_Chr_CP_out_char, 1, 1
;PROJPIC.c,55 :: 		Lcd_Chr_CP(ucValor2);                 // Escreve caractere no LCD
0x022C	0xDF49      	RCALL       _Lcd_Chr_CP
;PROJPIC.c,56 :: 		}
L_end_Converte_BCD:
0x022E	0x0012      	RETURN      0
; end of _Converte_BCD
_Encontra_Dia_Semana:
;PROJPIC.c,89 :: 		void Encontra_Dia_Semana() {
;PROJPIC.c,90 :: 		switch (ucDia_Semana) {
0x0230	0xD024      	BRA         L_Encontra_Dia_Semana0
;PROJPIC.c,91 :: 		case 01: ucTexto = "DOMINGO"; break; // Caso dias_semana = 01 ent?o..
L_Encontra_Dia_Semana2:
0x0232	0x0E23      	MOVLW       ?lstr1_PROJPIC
0x0234	0x0100      	MOVLB       0
0x0236	0x6FAB      	MOVWF       _ucTexto, 1
0x0238	0x0E00      	MOVLW       hi_addr(?lstr1_PROJPIC)
0x023A	0x6FAC      	MOVWF       _ucTexto+1, 1
0x023C	0xD032      	BRA         L_Encontra_Dia_Semana1
;PROJPIC.c,92 :: 		case 02: ucTexto = "SEGUNDA"; break; // Caso dias_semana = 02 ent?o..
L_Encontra_Dia_Semana3:
0x023E	0x0E2B      	MOVLW       ?lstr2_PROJPIC
0x0240	0x6FAB      	MOVWF       _ucTexto, 1
0x0242	0x0E00      	MOVLW       hi_addr(?lstr2_PROJPIC)
0x0244	0x6FAC      	MOVWF       _ucTexto+1, 1
0x0246	0xD02D      	BRA         L_Encontra_Dia_Semana1
;PROJPIC.c,93 :: 		case 03: ucTexto = "TERCA";   break; // Caso dias_semana = 03 ent?o..
L_Encontra_Dia_Semana4:
0x0248	0x0E40      	MOVLW       ?lstr3_PROJPIC
0x024A	0x6FAB      	MOVWF       _ucTexto, 1
0x024C	0x0E00      	MOVLW       hi_addr(?lstr3_PROJPIC)
0x024E	0x6FAC      	MOVWF       _ucTexto+1, 1
0x0250	0xD028      	BRA         L_Encontra_Dia_Semana1
;PROJPIC.c,94 :: 		case 04: ucTexto = "QUARTA";  break; // Caso dias_semana = 04 ent?o..
L_Encontra_Dia_Semana5:
0x0252	0x0E46      	MOVLW       ?lstr4_PROJPIC
0x0254	0x6FAB      	MOVWF       _ucTexto, 1
0x0256	0x0E00      	MOVLW       hi_addr(?lstr4_PROJPIC)
0x0258	0x6FAC      	MOVWF       _ucTexto+1, 1
0x025A	0xD023      	BRA         L_Encontra_Dia_Semana1
;PROJPIC.c,95 :: 		case 05: ucTexto = "QUINTA";  break; // Caso dias_semana = 05 ent?o..
L_Encontra_Dia_Semana6:
0x025C	0x0E33      	MOVLW       ?lstr5_PROJPIC
0x025E	0x6FAB      	MOVWF       _ucTexto, 1
0x0260	0x0E00      	MOVLW       hi_addr(?lstr5_PROJPIC)
0x0262	0x6FAC      	MOVWF       _ucTexto+1, 1
0x0264	0xD01E      	BRA         L_Encontra_Dia_Semana1
;PROJPIC.c,96 :: 		case 06: ucTexto = "SEXTA";   break; // Caso dias_semana = 06 ent?o..
L_Encontra_Dia_Semana7:
0x0266	0x0E3A      	MOVLW       ?lstr6_PROJPIC
0x0268	0x6FAB      	MOVWF       _ucTexto, 1
0x026A	0x0E00      	MOVLW       hi_addr(?lstr6_PROJPIC)
0x026C	0x6FAC      	MOVWF       _ucTexto+1, 1
0x026E	0xD019      	BRA         L_Encontra_Dia_Semana1
;PROJPIC.c,97 :: 		default: ucTexto = "SABADO";         // Se n?o for nenhum desses ent?o...
L_Encontra_Dia_Semana8:
0x0270	0x0E15      	MOVLW       ?lstr7_PROJPIC
0x0272	0x6FAB      	MOVWF       _ucTexto, 1
0x0274	0x0E00      	MOVLW       hi_addr(?lstr7_PROJPIC)
0x0276	0x6FAC      	MOVWF       _ucTexto+1, 1
;PROJPIC.c,98 :: 		}
0x0278	0xD014      	BRA         L_Encontra_Dia_Semana1
L_Encontra_Dia_Semana0:
0x027A	0x0100      	MOVLB       0
0x027C	0x51AA      	MOVF        _ucDia_Semana, 0, 1
0x027E	0x0A01      	XORLW       1
0x0280	0xE0D8      	BZ          L_Encontra_Dia_Semana2
0x0282	0x51AA      	MOVF        _ucDia_Semana, 0, 1
0x0284	0x0A02      	XORLW       2
0x0286	0xE0DB      	BZ          L_Encontra_Dia_Semana3
0x0288	0x51AA      	MOVF        _ucDia_Semana, 0, 1
0x028A	0x0A03      	XORLW       3
0x028C	0xE0DD      	BZ          L_Encontra_Dia_Semana4
0x028E	0x51AA      	MOVF        _ucDia_Semana, 0, 1
0x0290	0x0A04      	XORLW       4
0x0292	0xE0DF      	BZ          L_Encontra_Dia_Semana5
0x0294	0x51AA      	MOVF        _ucDia_Semana, 0, 1
0x0296	0x0A05      	XORLW       5
0x0298	0xE0E1      	BZ          L_Encontra_Dia_Semana6
0x029A	0x51AA      	MOVF        _ucDia_Semana, 0, 1
0x029C	0x0A06      	XORLW       6
0x029E	0xE0E3      	BZ          L_Encontra_Dia_Semana7
0x02A0	0xD7E7      	BRA         L_Encontra_Dia_Semana8
L_Encontra_Dia_Semana1:
;PROJPIC.c,99 :: 		}
L_end_Encontra_Dia_Semana:
0x02A2	0x0012      	RETURN      0
; end of _Encontra_Dia_Semana
_I2C1_Repeated_Start:
;__Lib_I2C_c34.c,54 :: 		
;__Lib_I2C_c34.c,55 :: 		
0x02A4	0x82C5      	BSF         SSPCON2, 1 
;__Lib_I2C_c34.c,56 :: 		
L_I2C1_Repeated_Start10:
0x02A6	0xA2C5      	BTFSS       SSPCON2, 1 
0x02A8	0xD001      	BRA         L_I2C1_Repeated_Start11
;__Lib_I2C_c34.c,57 :: 		
0x02AA	0xD7FD      	BRA         L_I2C1_Repeated_Start10
L_I2C1_Repeated_Start11:
;__Lib_I2C_c34.c,58 :: 		
L_end_I2C1_Repeated_Start:
0x02AC	0x0012      	RETURN      0
; end of _I2C1_Repeated_Start
_I2C1_Rd:
;__Lib_I2C_c34.c,60 :: 		
;__Lib_I2C_c34.c,63 :: 		
0x02AE	0x969E      	BCF         PIR1, 3 
;__Lib_I2C_c34.c,64 :: 		
0x02B0	0x86C5      	BSF         SSPCON2, 3 
;__Lib_I2C_c34.c,66 :: 		
L_I2C1_Rd12:
0x02B2	0xB69E      	BTFSC       PIR1, 3 
0x02B4	0xD001      	BRA         L_I2C1_Rd13
;__Lib_I2C_c34.c,67 :: 		
0x02B6	0xD7FD      	BRA         L_I2C1_Rd12
L_I2C1_Rd13:
;__Lib_I2C_c34.c,69 :: 		
0x02B8	0xF001CFC9  	MOVFF       SSPBUF, R1
;__Lib_I2C_c34.c,70 :: 		
0x02BC	0x0100      	MOVLB       0
0x02BE	0x51C7      	MOVF        FARG_I2C1_Rd_ack, 0, 1
0x02C0	0x0A00      	XORLW       0
0x02C2	0xE102      	BNZ         L_I2C1_Rd14
;__Lib_I2C_c34.c,71 :: 		
0x02C4	0x8AC5      	BSF         SSPCON2, 5 
0x02C6	0xD001      	BRA         L_I2C1_Rd15
L_I2C1_Rd14:
;__Lib_I2C_c34.c,73 :: 		
0x02C8	0x9AC5      	BCF         SSPCON2, 5 
L_I2C1_Rd15:
;__Lib_I2C_c34.c,75 :: 		
0x02CA	0x969E      	BCF         PIR1, 3 
;__Lib_I2C_c34.c,76 :: 		
0x02CC	0x88C5      	BSF         SSPCON2, 4 
;__Lib_I2C_c34.c,78 :: 		
L_I2C1_Rd16:
0x02CE	0xB69E      	BTFSC       PIR1, 3 
0x02D0	0xD001      	BRA         L_I2C1_Rd17
;__Lib_I2C_c34.c,79 :: 		
0x02D2	0xD7FD      	BRA         L_I2C1_Rd16
L_I2C1_Rd17:
;__Lib_I2C_c34.c,81 :: 		
0x02D4	0xF000C001  	MOVFF       R1, R0
;__Lib_I2C_c34.c,82 :: 		
L_end_I2C1_Rd:
0x02D8	0x0012      	RETURN      0
; end of _I2C1_Rd
_Lcd_Out:
;__Lib_Lcd.c,184 :: 		
;__Lib_Lcd.c,187 :: 		
0x02DA	0xD010      	BRA         L_Lcd_Out11
;__Lib_Lcd.c,188 :: 		
L_Lcd_Out13:
0x02DC	0x0E80      	MOVLW       128
0x02DE	0x0100      	MOVLB       0
0x02E0	0x6FC7      	MOVWF       FARG_Lcd_Out_row, 1
0x02E2	0xD01A      	BRA         L_Lcd_Out12
;__Lib_Lcd.c,189 :: 		
L_Lcd_Out14:
0x02E4	0x0EC0      	MOVLW       192
0x02E6	0x6FC7      	MOVWF       FARG_Lcd_Out_row, 1
0x02E8	0xD017      	BRA         L_Lcd_Out12
;__Lib_Lcd.c,190 :: 		
L_Lcd_Out15:
0x02EA	0x0E94      	MOVLW       148
0x02EC	0x6FC7      	MOVWF       FARG_Lcd_Out_row, 1
0x02EE	0xD014      	BRA         L_Lcd_Out12
;__Lib_Lcd.c,191 :: 		
L_Lcd_Out16:
0x02F0	0x0ED4      	MOVLW       212
0x02F2	0x6FC7      	MOVWF       FARG_Lcd_Out_row, 1
0x02F4	0xD011      	BRA         L_Lcd_Out12
;__Lib_Lcd.c,192 :: 		
L_Lcd_Out17:
0x02F6	0x0E80      	MOVLW       128
0x02F8	0x6FC7      	MOVWF       FARG_Lcd_Out_row, 1
;__Lib_Lcd.c,193 :: 		
0x02FA	0xD00E      	BRA         L_Lcd_Out12
L_Lcd_Out11:
0x02FC	0x0100      	MOVLB       0
0x02FE	0x51C7      	MOVF        FARG_Lcd_Out_row, 0, 1
0x0300	0x0A01      	XORLW       1
0x0302	0xE0EC      	BZ          L_Lcd_Out13
0x0304	0x51C7      	MOVF        FARG_Lcd_Out_row, 0, 1
0x0306	0x0A02      	XORLW       2
0x0308	0xE0ED      	BZ          L_Lcd_Out14
0x030A	0x51C7      	MOVF        FARG_Lcd_Out_row, 0, 1
0x030C	0x0A03      	XORLW       3
0x030E	0xE0ED      	BZ          L_Lcd_Out15
0x0310	0x51C7      	MOVF        FARG_Lcd_Out_row, 0, 1
0x0312	0x0A04      	XORLW       4
0x0314	0xE0ED      	BZ          L_Lcd_Out16
0x0316	0xD7EF      	BRA         L_Lcd_Out17
L_Lcd_Out12:
;__Lib_Lcd.c,194 :: 		
0x0318	0x05C8      	DECF        FARG_Lcd_Out_column, 0, 1
0x031A	0x6E00      	MOVWF       R0 
0x031C	0x51C7      	MOVF        FARG_Lcd_Out_row, 0, 1
0x031E	0x2600      	ADDWF       R0, 1 
0x0320	0xF0C7C000  	MOVFF       R0, FARG_Lcd_Out_row
;__Lib_Lcd.c,196 :: 		
0x0324	0xF0CFC000  	MOVFF       R0, FARG_Lcd_Cmd_out_char
0x0328	0xDE8C      	RCALL       _Lcd_Cmd
;__Lib_Lcd.c,197 :: 		
0x032A	0x91AD      	BCF         __Lib_Lcd_cmd_status, BitPos(__Lib_Lcd_cmd_status+0), 1
;__Lib_Lcd.c,198 :: 		
0x032C	0x6BCB      	CLRF        Lcd_Out_i_L0, 1
;__Lib_Lcd.c,199 :: 		
L_Lcd_Out18:
0x032E	0x51CB      	MOVF        Lcd_Out_i_L0, 0, 1
0x0330	0x25C9      	ADDWF       FARG_Lcd_Out_text, 0, 1
0x0332	0x6EE9      	MOVWF       FSR0L 
0x0334	0x0E00      	MOVLW       0
0x0336	0x21CA      	ADDWFC      FARG_Lcd_Out_text+1, 0, 1
0x0338	0x6EEA      	MOVWF       FSR0H 
0x033A	0x52EE      	MOVF        POSTINC0, 1 
0x033C	0xE00B      	BZ          L_Lcd_Out19
;__Lib_Lcd.c,200 :: 		
0x033E	0x51CB      	MOVF        Lcd_Out_i_L0, 0, 1
0x0340	0x25C9      	ADDWF       FARG_Lcd_Out_text, 0, 1
0x0342	0x6EE9      	MOVWF       FSR0L 
0x0344	0x0E00      	MOVLW       0
0x0346	0x21CA      	ADDWFC      FARG_Lcd_Out_text+1, 0, 1
0x0348	0x6EEA      	MOVWF       FSR0H 
0x034A	0xF0CCCFEE  	MOVFF       POSTINC0, FARG_Lcd_Chr_CP_out_char
0x034E	0xDEB8      	RCALL       _Lcd_Chr_CP
0x0350	0x2BCB      	INCF        Lcd_Out_i_L0, 1, 1
0x0352	0xD7ED      	BRA         L_Lcd_Out18
L_Lcd_Out19:
;__Lib_Lcd.c,201 :: 		
0x0354	0x81AD      	BSF         __Lib_Lcd_cmd_status, BitPos(__Lib_Lcd_cmd_status+0), 1
;__Lib_Lcd.c,202 :: 		
L_end_Lcd_Out:
0x0356	0x0012      	RETURN      0
; end of _Lcd_Out
_I2C1_Wr:
;__Lib_I2C_c34.c,84 :: 		
;__Lib_I2C_c34.c,86 :: 		
0x0358	0x969E      	BCF         PIR1, 3 
;__Lib_I2C_c34.c,87 :: 		
0x035A	0xFFC9C0C7  	MOVFF       FARG_I2C1_Wr_data_, SSPBUF
;__Lib_I2C_c34.c,89 :: 		
L_I2C1_Wr18:
0x035E	0xA4C7      	BTFSS       SSPSTAT, 2 
0x0360	0xD001      	BRA         L_I2C1_Wr19
;__Lib_I2C_c34.c,90 :: 		
0x0362	0xD7FD      	BRA         L_I2C1_Wr18
L_I2C1_Wr19:
;__Lib_I2C_c34.c,92 :: 		
L_I2C1_Wr20:
0x0364	0xB69E      	BTFSC       PIR1, 3 
0x0366	0xD001      	BRA         L_I2C1_Wr21
;__Lib_I2C_c34.c,93 :: 		
0x0368	0xD7FD      	BRA         L_I2C1_Wr20
L_I2C1_Wr21:
;__Lib_I2C_c34.c,95 :: 		
0x036A	0xBCC5      	BTFSC       SSPCON2, 6 
0x036C	0xD002      	BRA         L_I2C1_Wr22
;__Lib_I2C_c34.c,96 :: 		
0x036E	0x6A00      	CLRF        R0 
0x0370	0xD003      	BRA         L_end_I2C1_Wr
;__Lib_I2C_c34.c,97 :: 		
L_I2C1_Wr22:
;__Lib_I2C_c34.c,99 :: 		
0x0372	0x84C5      	BSF         SSPCON2, 2 
;__Lib_I2C_c34.c,100 :: 		
0x0374	0x0E02      	MOVLW       2
0x0376	0x6E00      	MOVWF       R0 
;__Lib_I2C_c34.c,102 :: 		
L_end_I2C1_Wr:
0x0378	0x0012      	RETURN      0
; end of _I2C1_Wr
_UART1_Init:
;__Lib_UART_c67.c,15 :: 		
;__Lib_UART_c67.c,18 :: 		
0x037A	0x0E0C      	MOVLW       _UART1_Write
0x037C	0x0100      	MOVLB       0
0x037E	0x6FB6      	MOVWF       _UART_Wr_Ptr, 1
0x0380	0x0E05      	MOVLW       hi_addr(_UART1_Write)
0x0382	0x6FB7      	MOVWF       _UART_Wr_Ptr+1, 1
0x0384	0x0EC3      	MOVLW       FARG_UART1_Write_data_
0x0386	0x6FB8      	MOVWF       _UART_Wr_Ptr+2, 1
0x0388	0x0E00      	MOVLW       hi_addr(FARG_UART1_Write_data_)
0x038A	0x6FB9      	MOVWF       _UART_Wr_Ptr+3, 1
;__Lib_UART_c67.c,19 :: 		
0x038C	0x0E1A      	MOVLW       _UART1_Read
0x038E	0x6FBA      	MOVWF       _UART_Rd_Ptr, 1
0x0390	0x0E05      	MOVLW       hi_addr(_UART1_Read)
0x0392	0x6FBB      	MOVWF       _UART_Rd_Ptr+1, 1
0x0394	0x0E00      	MOVLW       0
0x0396	0x6FBC      	MOVWF       _UART_Rd_Ptr+2, 1
0x0398	0x0E00      	MOVLW       0
0x039A	0x6FBD      	MOVWF       _UART_Rd_Ptr+3, 1
;__Lib_UART_c67.c,20 :: 		
0x039C	0x0E02      	MOVLW       _UART1_Data_Ready
0x039E	0x6FAE      	MOVWF       _UART_Rdy_Ptr, 1
0x03A0	0x0E05      	MOVLW       hi_addr(_UART1_Data_Ready)
0x03A2	0x6FAF      	MOVWF       _UART_Rdy_Ptr+1, 1
0x03A4	0x0E00      	MOVLW       0
0x03A6	0x6FB0      	MOVWF       _UART_Rdy_Ptr+2, 1
0x03A8	0x0E00      	MOVLW       0
0x03AA	0x6FB1      	MOVWF       _UART_Rdy_Ptr+3, 1
;__Lib_UART_c67.c,21 :: 		
0x03AC	0x0EFF      	MOVLW       _UART1_Tx_Idle
0x03AE	0x6FB2      	MOVWF       _UART_Tx_Idle_Ptr, 1
0x03B0	0x0EFF      	MOVLW       hi_addr(_UART1_Tx_Idle)
0x03B2	0x6FB3      	MOVWF       _UART_Tx_Idle_Ptr+1, 1
0x03B4	0x0E00      	MOVLW       0
0x03B6	0x6FB4      	MOVWF       _UART_Tx_Idle_Ptr+2, 1
0x03B8	0x0E00      	MOVLW       0
0x03BA	0x6FB5      	MOVWF       _UART_Tx_Idle_Ptr+3, 1
;__Lib_UART_c67.c,23 :: 		
0x03BC	0x8AAC      	BSF         TXSTA, 5 
;__Lib_UART_c67.c,24 :: 		
0x03BE	0x0E90      	MOVLW       144
0x03C0	0x6EAB      	MOVWF       RCSTA 
;__Lib_UART_c67.c,25 :: 		
0x03C2	0x8E94      	BSF         TRISC7_bit, BitPos(TRISC7_bit+0) 
;__Lib_UART_c67.c,26 :: 		
0x03C4	0x9C94      	BCF         TRISC6_bit, BitPos(TRISC6_bit+0) 
;__Lib_UART_c67.c,28 :: 		
L_UART1_Init0:
0x03C6	0xAA9E      	BTFSS       PIR1, 5 
0x03C8	0xD003      	BRA         L_UART1_Init1
;__Lib_UART_c67.c,29 :: 		
0x03CA	0xF000CFAE  	MOVFF       RCREG, R0
0x03CE	0xD7FB      	BRA         L_UART1_Init0
L_UART1_Init1:
;__Lib_UART_c67.c,30 :: 		
L_end_UART1_Init:
0x03D0	0x0012      	RETURN      0
; end of _UART1_Init
_ADC_Read:
;__Lib_ADC_A_D.c,35 :: 		
;__Lib_ADC_A_D.c,38 :: 		
0x03D2	0x6AC2      	CLRF        ADCON0 
;__Lib_ADC_A_D.c,39 :: 		
0x03D4	0x0E07      	MOVLW       7
0x03D6	0x12C0      	IORWF       ADCON2, 1 
;__Lib_ADC_A_D.c,40 :: 		
0x03D8	0x8EC0      	BSF         ADCON2, 7 
;__Lib_ADC_A_D.c,41 :: 		
0x03DA	0xF000C0C3  	MOVFF       FARG_ADC_Read_channel, R0
0x03DE	0x3600      	RLCF        R0, 1 
0x03E0	0x9000      	BCF         R0, 0 
0x03E2	0x3600      	RLCF        R0, 1 
0x03E4	0x9000      	BCF         R0, 0 
0x03E6	0x5000      	MOVF        R0, 0 
0x03E8	0x12C2      	IORWF       ADCON0, 1 
;__Lib_ADC_A_D.c,42 :: 		
0x03EA	0x80C2      	BSF         ADCON0, 0 
;__Lib_ADC_A_D.c,43 :: 		
0x03EC	0xDF00      	RCALL       _Delay_22us
;__Lib_ADC_A_D.c,44 :: 		
0x03EE	0x82C2      	BSF         ADCON0, 1 
;__Lib_ADC_A_D.c,45 :: 		
L_ADC_Read2:
0x03F0	0xA2C2      	BTFSS       ADCON0, 1 
0x03F2	0xD001      	BRA         L_ADC_Read3
;__Lib_ADC_A_D.c,46 :: 		
0x03F4	0xD7FD      	BRA         L_ADC_Read2
L_ADC_Read3:
;__Lib_ADC_A_D.c,47 :: 		
0x03F6	0xF001CFC4  	MOVFF       ADRESH, R1
0x03FA	0x6A00      	CLRF        R0 
;__Lib_ADC_A_D.c,48 :: 		
0x03FC	0x50C3      	MOVF        ADRESL, 0 
0x03FE	0x1200      	IORWF       R0, 1 
0x0400	0x0E00      	MOVLW       0
0x0402	0x1201      	IORWF       R1, 1 
;__Lib_ADC_A_D.c,49 :: 		
0x0404	0x90C2      	BCF         ADCON0, 0 
;__Lib_ADC_A_D.c,51 :: 		
;__Lib_ADC_A_D.c,52 :: 		
L_end_ADC_Read:
0x0406	0x0012      	RETURN      0
; end of _ADC_Read
_Grava_RTC:
;PROJPIC.c,74 :: 		void Grava_RTC(){
;PROJPIC.c,75 :: 		I2C1_Init(100000);     // Iniciliza I2C com frequencia de 100KHz
0x0408	0x0E14      	MOVLW       20
0x040A	0x6EC8      	MOVWF       SSPADD 
0x040C	0xDEE5      	RCALL       _I2C1_Init
;PROJPIC.c,76 :: 		I2C1_Start();          // Inicializa a comunica??o I2c
0x040E	0xDE9B      	RCALL       _I2C1_Start
;PROJPIC.c,77 :: 		I2C1_Wr(0xD0);         // End. fixo para DS1307: 1101000X, onde x = 0 ? para grava??o
0x0410	0x0ED0      	MOVLW       208
0x0412	0x0100      	MOVLB       0
0x0414	0x6FC7      	MOVWF       FARG_I2C1_Wr_data_, 1
0x0416	0xDFA0      	RCALL       _I2C1_Wr
;PROJPIC.c,78 :: 		I2C1_Wr(0);            // End. onde come?a a programa??o do rel?gio, end. dos segundos.
0x0418	0x0100      	MOVLB       0
0x041A	0x6BC7      	CLRF        FARG_I2C1_Wr_data_, 1
0x041C	0xDF9D      	RCALL       _I2C1_Wr
;PROJPIC.c,79 :: 		I2C1_Wr(0x04);         // Inicializa com 04 segundos.
0x041E	0x0E04      	MOVLW       4
0x0420	0x0100      	MOVLB       0
0x0422	0x6FC7      	MOVWF       FARG_I2C1_Wr_data_, 1
0x0424	0xDF99      	RCALL       _I2C1_Wr
;PROJPIC.c,80 :: 		I2C1_Wr(0x12);         // Inicializa com 12 minutos.
0x0426	0x0E12      	MOVLW       18
0x0428	0x0100      	MOVLB       0
0x042A	0x6FC7      	MOVWF       FARG_I2C1_Wr_data_, 1
0x042C	0xDF95      	RCALL       _I2C1_Wr
;PROJPIC.c,81 :: 		I2C1_Wr(0x09);         // Inicializa com 09:00hs (formato 24 horas).
0x042E	0x0E09      	MOVLW       9
0x0430	0x0100      	MOVLB       0
0x0432	0x6FC7      	MOVWF       FARG_I2C1_Wr_data_, 1
0x0434	0xDF91      	RCALL       _I2C1_Wr
;PROJPIC.c,82 :: 		I2C1_Wr(0x03);         // Inicializa com ter?a
0x0436	0x0E03      	MOVLW       3
0x0438	0x0100      	MOVLB       0
0x043A	0x6FC7      	MOVWF       FARG_I2C1_Wr_data_, 1
0x043C	0xDF8D      	RCALL       _I2C1_Wr
;PROJPIC.c,83 :: 		I2C1_Wr(0x15);         // Inicializa com dia 15
0x043E	0x0E15      	MOVLW       21
0x0440	0x0100      	MOVLB       0
0x0442	0x6FC7      	MOVWF       FARG_I2C1_Wr_data_, 1
0x0444	0xDF89      	RCALL       _I2C1_Wr
;PROJPIC.c,84 :: 		I2C1_Wr(0x07);         // Inicializa com m?s 07
0x0446	0x0E07      	MOVLW       7
0x0448	0x0100      	MOVLB       0
0x044A	0x6FC7      	MOVWF       FARG_I2C1_Wr_data_, 1
0x044C	0xDF85      	RCALL       _I2C1_Wr
;PROJPIC.c,85 :: 		I2C1_Wr(0x09);         // Inicializa com ano 09
0x044E	0x0E09      	MOVLW       9
0x0450	0x0100      	MOVLB       0
0x0452	0x6FC7      	MOVWF       FARG_I2C1_Wr_data_, 1
0x0454	0xDF81      	RCALL       _I2C1_Wr
;PROJPIC.c,86 :: 		I2C1_Stop();           // Finaliza comunica??o I2C
0x0456	0xDED1      	RCALL       _I2C1_Stop
;PROJPIC.c,87 :: 		}
L_end_Grava_RTC:
0x0458	0x0012      	RETURN      0
; end of _Grava_RTC
_Lcd_Init:
;__Lib_Lcd.c,84 :: 		
;__Lib_Lcd.c,86 :: 		
0x045A	0x9296      	BCF         LCD_EN_Direction, BitPos(LCD_EN_Direction+0) 
;__Lib_Lcd.c,87 :: 		
0x045C	0x9496      	BCF         LCD_RS_Direction, BitPos(LCD_RS_Direction+0) 
;__Lib_Lcd.c,88 :: 		
0x045E	0x9895      	BCF         LCD_D4_Direction, BitPos(LCD_D4_Direction+0) 
;__Lib_Lcd.c,89 :: 		
0x0460	0x9A95      	BCF         LCD_D5_Direction, BitPos(LCD_D5_Direction+0) 
;__Lib_Lcd.c,90 :: 		
0x0462	0x9C95      	BCF         LCD_D6_Direction, BitPos(LCD_D6_Direction+0) 
;__Lib_Lcd.c,91 :: 		
0x0464	0x9E95      	BCF         LCD_D7_Direction, BitPos(LCD_D7_Direction+0) 
;__Lib_Lcd.c,93 :: 		
0x0466	0x9284      	BCF         LCD_EN, BitPos(LCD_EN+0) 
;__Lib_Lcd.c,94 :: 		
0x0468	0x9484      	BCF         LCD_RS, BitPos(LCD_RS+0) 
;__Lib_Lcd.c,95 :: 		
0x046A	0x9E83      	BCF         LCD_D7, BitPos(LCD_D7+0) 
;__Lib_Lcd.c,96 :: 		
0x046C	0x9C83      	BCF         LCD_D6, BitPos(LCD_D6+0) 
;__Lib_Lcd.c,97 :: 		
0x046E	0x9A83      	BCF         LCD_D5, BitPos(LCD_D5+0) 
;__Lib_Lcd.c,98 :: 		
0x0470	0x9883      	BCF         LCD_D4, BitPos(LCD_D4+0) 
;__Lib_Lcd.c,100 :: 		
0x0472	0xDDD9      	RCALL       _Delay_5500us
;__Lib_Lcd.c,101 :: 		
0x0474	0xDDD8      	RCALL       _Delay_5500us
;__Lib_Lcd.c,102 :: 		
0x0476	0xDDD7      	RCALL       _Delay_5500us
;__Lib_Lcd.c,105 :: 		
0x0478	0x8A83      	BSF         LCD_D5, BitPos(LCD_D5+0) 
;__Lib_Lcd.c,106 :: 		
0x047A	0x8883      	BSF         LCD_D4, BitPos(LCD_D4+0) 
;__Lib_Lcd.c,107 :: 		
0x047C	0x8284      	BSF         LCD_EN, BitPos(LCD_EN+0) 
;__Lib_Lcd.c,108 :: 		
0x047E	0xDDDE      	RCALL       _Delay_1us
;__Lib_Lcd.c,109 :: 		
0x0480	0x9284      	BCF         LCD_EN, BitPos(LCD_EN+0) 
;__Lib_Lcd.c,110 :: 		
0x0482	0xDDD1      	RCALL       _Delay_5500us
;__Lib_Lcd.c,112 :: 		
0x0484	0x8284      	BSF         LCD_EN, BitPos(LCD_EN+0) 
;__Lib_Lcd.c,113 :: 		
0x0486	0xDDDA      	RCALL       _Delay_1us
;__Lib_Lcd.c,114 :: 		
0x0488	0x9284      	BCF         LCD_EN, BitPos(LCD_EN+0) 
;__Lib_Lcd.c,115 :: 		
0x048A	0xDDCD      	RCALL       _Delay_5500us
;__Lib_Lcd.c,117 :: 		
0x048C	0x8284      	BSF         LCD_EN, BitPos(LCD_EN+0) 
;__Lib_Lcd.c,118 :: 		
0x048E	0xDDD6      	RCALL       _Delay_1us
;__Lib_Lcd.c,119 :: 		
0x0490	0x9284      	BCF         LCD_EN, BitPos(LCD_EN+0) 
;__Lib_Lcd.c,120 :: 		
0x0492	0xDDC9      	RCALL       _Delay_5500us
;__Lib_Lcd.c,123 :: 		
0x0494	0x9883      	BCF         LCD_D4, BitPos(LCD_D4+0) 
;__Lib_Lcd.c,124 :: 		
0x0496	0x8284      	BSF         LCD_EN, BitPos(LCD_EN+0) 
;__Lib_Lcd.c,125 :: 		
0x0498	0xDDD1      	RCALL       _Delay_1us
;__Lib_Lcd.c,126 :: 		
0x049A	0x9284      	BCF         LCD_EN, BitPos(LCD_EN+0) 
;__Lib_Lcd.c,127 :: 		
0x049C	0xDDC4      	RCALL       _Delay_5500us
;__Lib_Lcd.c,130 :: 		
0x049E	0x8284      	BSF         LCD_EN, BitPos(LCD_EN+0) 
;__Lib_Lcd.c,131 :: 		
0x04A0	0xDDCD      	RCALL       _Delay_1us
;__Lib_Lcd.c,132 :: 		
0x04A2	0x9284      	BCF         LCD_EN, BitPos(LCD_EN+0) 
;__Lib_Lcd.c,134 :: 		
0x04A4	0x9A83      	BCF         LCD_D5, BitPos(LCD_D5+0) 
;__Lib_Lcd.c,135 :: 		
0x04A6	0x8E83      	BSF         LCD_D7, BitPos(LCD_D7+0) 
;__Lib_Lcd.c,136 :: 		
0x04A8	0x8284      	BSF         LCD_EN, BitPos(LCD_EN+0) 
;__Lib_Lcd.c,137 :: 		
0x04AA	0xDDC8      	RCALL       _Delay_1us
;__Lib_Lcd.c,138 :: 		
0x04AC	0x9284      	BCF         LCD_EN, BitPos(LCD_EN+0) 
;__Lib_Lcd.c,139 :: 		
0x04AE	0xDDBB      	RCALL       _Delay_5500us
;__Lib_Lcd.c,142 :: 		
0x04B0	0x9E83      	BCF         LCD_D7, BitPos(LCD_D7+0) 
;__Lib_Lcd.c,143 :: 		
0x04B2	0x8883      	BSF         LCD_D4, BitPos(LCD_D4+0) 
;__Lib_Lcd.c,144 :: 		
0x04B4	0x8284      	BSF         LCD_EN, BitPos(LCD_EN+0) 
;__Lib_Lcd.c,145 :: 		
0x04B6	0xDDC2      	RCALL       _Delay_1us
;__Lib_Lcd.c,146 :: 		
0x04B8	0x9284      	BCF         LCD_EN, BitPos(LCD_EN+0) 
;__Lib_Lcd.c,148 :: 		
0x04BA	0x9883      	BCF         LCD_D4, BitPos(LCD_D4+0) 
;__Lib_Lcd.c,149 :: 		
0x04BC	0x8284      	BSF         LCD_EN, BitPos(LCD_EN+0) 
;__Lib_Lcd.c,150 :: 		
0x04BE	0xDDBE      	RCALL       _Delay_1us
;__Lib_Lcd.c,151 :: 		
0x04C0	0x9284      	BCF         LCD_EN, BitPos(LCD_EN+0) 
;__Lib_Lcd.c,152 :: 		
0x04C2	0xDDB1      	RCALL       _Delay_5500us
;__Lib_Lcd.c,155 :: 		
0x04C4	0x8284      	BSF         LCD_EN, BitPos(LCD_EN+0) 
;__Lib_Lcd.c,156 :: 		
0x04C6	0xDDBA      	RCALL       _Delay_1us
;__Lib_Lcd.c,157 :: 		
0x04C8	0x9284      	BCF         LCD_EN, BitPos(LCD_EN+0) 
;__Lib_Lcd.c,159 :: 		
0x04CA	0x8883      	BSF         LCD_D4, BitPos(LCD_D4+0) 
;__Lib_Lcd.c,160 :: 		
0x04CC	0x8284      	BSF         LCD_EN, BitPos(LCD_EN+0) 
;__Lib_Lcd.c,161 :: 		
0x04CE	0xDDB6      	RCALL       _Delay_1us
;__Lib_Lcd.c,162 :: 		
0x04D0	0x9284      	BCF         LCD_EN, BitPos(LCD_EN+0) 
;__Lib_Lcd.c,163 :: 		
0x04D2	0xDDA9      	RCALL       _Delay_5500us
;__Lib_Lcd.c,166 :: 		
0x04D4	0x9883      	BCF         LCD_D4, BitPos(LCD_D4+0) 
;__Lib_Lcd.c,167 :: 		
0x04D6	0x8284      	BSF         LCD_EN, BitPos(LCD_EN+0) 
;__Lib_Lcd.c,168 :: 		
0x04D8	0xDDB1      	RCALL       _Delay_1us
;__Lib_Lcd.c,169 :: 		
0x04DA	0x9284      	BCF         LCD_EN, BitPos(LCD_EN+0) 
;__Lib_Lcd.c,171 :: 		
0x04DC	0x8E83      	BSF         LCD_D7, BitPos(LCD_D7+0) 
;__Lib_Lcd.c,172 :: 		
0x04DE	0x8C83      	BSF         LCD_D6, BitPos(LCD_D6+0) 
;__Lib_Lcd.c,173 :: 		
0x04E0	0x8A83      	BSF         LCD_D5, BitPos(LCD_D5+0) 
;__Lib_Lcd.c,174 :: 		
0x04E2	0x8883      	BSF         LCD_D4, BitPos(LCD_D4+0) 
;__Lib_Lcd.c,175 :: 		
0x04E4	0x8284      	BSF         LCD_EN, BitPos(LCD_EN+0) 
;__Lib_Lcd.c,176 :: 		
0x04E6	0xDDAA      	RCALL       _Delay_1us
;__Lib_Lcd.c,177 :: 		
0x04E8	0x9284      	BCF         LCD_EN, BitPos(LCD_EN+0) 
;__Lib_Lcd.c,179 :: 		
0x04EA	0xDD9D      	RCALL       _Delay_5500us
;__Lib_Lcd.c,181 :: 		
0x04EC	0x0100      	MOVLB       0
0x04EE	0x81AD      	BSF         __Lib_Lcd_cmd_status, BitPos(__Lib_Lcd_cmd_status+0), 1
;__Lib_Lcd.c,182 :: 		
L_end_Lcd_Init:
0x04F0	0x0012      	RETURN      0
; end of _Lcd_Init
___CC2DW:
;__Lib_System.c,21 :: 		
;__Lib_System.c,23 :: 		
_CC2DL_Loop1:
;__Lib_System.c,24 :: 		
0x04F2	0x0009      	TBLRD*+
;__Lib_System.c,25 :: 		
0x04F4	0xFFE6CFF5  	MOVFF       TABLAT, POSTINC1
;__Lib_System.c,26 :: 		
0x04F8	0x0600      	DECF        R0, 1, 0
;__Lib_System.c,27 :: 		
0x04FA	0xE1FB      	BNZ         _CC2DL_Loop1
;__Lib_System.c,28 :: 		
0x04FC	0x0601      	DECF        R1, 1, 0
;__Lib_System.c,29 :: 		
0x04FE	0xE1F9      	BNZ         _CC2DL_Loop1
;__Lib_System.c,31 :: 		
L_end___CC2DW:
0x0500	0x0012      	RETURN      0
; end of ___CC2DW
_UART1_Data_Ready:
;__Lib_UART_c67.c,34 :: 		
;__Lib_UART_c67.c,35 :: 		
0x0502	0x0E00      	MOVLW       0
0x0504	0xBA9E      	BTFSC       PIR1, 5 
0x0506	0x0E01      	MOVLW       1
0x0508	0x6E00      	MOVWF       R0 
;__Lib_UART_c67.c,36 :: 		
L_end_UART1_Data_Ready:
0x050A	0x0012      	RETURN      0
; end of _UART1_Data_Ready
_UART1_Write:
;__Lib_UART_c67.c,58 :: 		
;__Lib_UART_c67.c,59 :: 		
L_UART1_Write3:
0x050C	0xB2AC      	BTFSC       TXSTA, 1 
0x050E	0xD002      	BRA         L_UART1_Write4
;__Lib_UART_c67.c,60 :: 		
0x0510	0x0000      	NOP
0x0512	0xD7FC      	BRA         L_UART1_Write3
L_UART1_Write4:
;__Lib_UART_c67.c,61 :: 		
0x0514	0xFFADC0C3  	MOVFF       FARG_UART1_Write_data_, TXREG
;__Lib_UART_c67.c,62 :: 		
L_end_UART1_Write:
0x0518	0x0012      	RETURN      0
; end of _UART1_Write
_UART1_Read:
;__Lib_UART_c67.c,39 :: 		
;__Lib_UART_c67.c,42 :: 		
0x051A	0xF001CFAE  	MOVFF       RCREG, R1
;__Lib_UART_c67.c,43 :: 		
0x051E	0xA2AB      	BTFSS       RCSTA, 1 
0x0520	0xD002      	BRA         L_UART1_Read2
;__Lib_UART_c67.c,44 :: 		
0x0522	0x98AB      	BCF         RCSTA, 4 
;__Lib_UART_c67.c,45 :: 		
0x0524	0x88AB      	BSF         RCSTA, 4 
;__Lib_UART_c67.c,46 :: 		
L_UART1_Read2:
;__Lib_UART_c67.c,47 :: 		
0x0526	0xF000C001  	MOVFF       R1, R0
;__Lib_UART_c67.c,48 :: 		
L_end_UART1_Read:
0x052A	0x0012      	RETURN      0
; end of _UART1_Read
_Leitura_RTC:
;PROJPIC.c,58 :: 		void Leitura_RTC() {          // Rotina de leitura do DS1307
;PROJPIC.c,59 :: 		I2C1_Start();              // Inicializa comunica??o i2c
0x052C	0xDE0C      	RCALL       _I2C1_Start
;PROJPIC.c,60 :: 		I2C1_Wr(0xD0);             // End. fixo para DS1307: 1101000X, onde x = 0 ? para grava??o
0x052E	0x0ED0      	MOVLW       208
0x0530	0x0100      	MOVLB       0
0x0532	0x6FC7      	MOVWF       FARG_I2C1_Wr_data_, 1
0x0534	0xDF11      	RCALL       _I2C1_Wr
;PROJPIC.c,61 :: 		I2C1_Wr(0);                // End. onde come?a a programa??o do rel?gio, end dos segundos.
0x0536	0x0100      	MOVLB       0
0x0538	0x6BC7      	CLRF        FARG_I2C1_Wr_data_, 1
0x053A	0xDF0E      	RCALL       _I2C1_Wr
;PROJPIC.c,62 :: 		I2C1_Repeated_Start();     // Issue I2C signal repeated start
0x053C	0xDEB3      	RCALL       _I2C1_Repeated_Start
;PROJPIC.c,63 :: 		I2C1_Wr(0xD1);             // End. fixo para DS1307: 1101000X, onde x=1 ? para leitura
0x053E	0x0ED1      	MOVLW       209
0x0540	0x0100      	MOVLB       0
0x0542	0x6FC7      	MOVWF       FARG_I2C1_Wr_data_, 1
0x0544	0xDF09      	RCALL       _I2C1_Wr
;PROJPIC.c,64 :: 		ucSegundo = I2C1_Rd(1);    // L? o primeiro byte(segundos),informa que continua lendo
0x0546	0x0E01      	MOVLW       1
0x0548	0x0100      	MOVLB       0
0x054A	0x6FC7      	MOVWF       FARG_I2C1_Rd_ack, 1
0x054C	0xDEB0      	RCALL       _I2C1_Rd
0x054E	0xF0A6C000  	MOVFF       R0, _ucSegundo
;PROJPIC.c,65 :: 		ucMinuto = I2C1_Rd(1);     // L? o segundo byte(minutos)
0x0552	0x0E01      	MOVLW       1
0x0554	0x0100      	MOVLB       0
0x0556	0x6FC7      	MOVWF       FARG_I2C1_Rd_ack, 1
0x0558	0xDEAA      	RCALL       _I2C1_Rd
0x055A	0xF0A4C000  	MOVFF       R0, _ucMinuto
;PROJPIC.c,66 :: 		ucHora = I2C1_Rd(1);       // L? o terceiro byte(horas)
0x055E	0x0E01      	MOVLW       1
0x0560	0x0100      	MOVLB       0
0x0562	0x6FC7      	MOVWF       FARG_I2C1_Rd_ack, 1
0x0564	0xDEA4      	RCALL       _I2C1_Rd
0x0566	0xF0A5C000  	MOVFF       R0, _ucHora
;PROJPIC.c,67 :: 		ucDia_Semana = I2C1_Rd(1);
0x056A	0x0E01      	MOVLW       1
0x056C	0x0100      	MOVLB       0
0x056E	0x6FC7      	MOVWF       FARG_I2C1_Rd_ack, 1
0x0570	0xDE9E      	RCALL       _I2C1_Rd
0x0572	0xF0AAC000  	MOVFF       R0, _ucDia_Semana
;PROJPIC.c,68 :: 		ucDia = I2C1_Rd(1);
0x0576	0x0E01      	MOVLW       1
0x0578	0x0100      	MOVLB       0
0x057A	0x6FC7      	MOVWF       FARG_I2C1_Rd_ack, 1
0x057C	0xDE98      	RCALL       _I2C1_Rd
0x057E	0xF0A8C000  	MOVFF       R0, _ucDia
;PROJPIC.c,69 :: 		ucMes = I2C1_Rd(1);
0x0582	0x0E01      	MOVLW       1
0x0584	0x0100      	MOVLB       0
0x0586	0x6FC7      	MOVWF       FARG_I2C1_Rd_ack, 1
0x0588	0xDE92      	RCALL       _I2C1_Rd
0x058A	0xF0A9C000  	MOVFF       R0, _ucMes
;PROJPIC.c,70 :: 		ucAno = I2C1_Rd(0);        // L? o s?timo byte(ano),encerra as leituras de dados
0x058E	0x0100      	MOVLB       0
0x0590	0x6BC7      	CLRF        FARG_I2C1_Rd_ack, 1
0x0592	0xDE8D      	RCALL       _I2C1_Rd
0x0594	0xF0A7C000  	MOVFF       R0, _ucAno
;PROJPIC.c,71 :: 		I2C1_Stop();               // Finaliza comunica??o I2C
0x0598	0xDE30      	RCALL       _I2C1_Stop
;PROJPIC.c,72 :: 		}
L_end_Leitura_RTC:
0x059A	0x0012      	RETURN      0
; end of _Leitura_RTC
_Display_LCD:
;PROJPIC.c,101 :: 		void Display_LCD() {
;PROJPIC.c,102 :: 		Lcd_Out(1,1,"(Hora)");
0x059C	0x0E01      	MOVLW       1
0x059E	0x0100      	MOVLB       0
0x05A0	0x6FC7      	MOVWF       FARG_Lcd_Out_row, 1
0x05A2	0x0E01      	MOVLW       1
0x05A4	0x6FC8      	MOVWF       FARG_Lcd_Out_column, 1
0x05A6	0x0E1C      	MOVLW       ?lstr8_PROJPIC
0x05A8	0x6FC9      	MOVWF       FARG_Lcd_Out_text, 1
0x05AA	0x0E00      	MOVLW       hi_addr(?lstr8_PROJPIC)
0x05AC	0x6FCA      	MOVWF       FARG_Lcd_Out_text+1, 1
0x05AE	0xDE95      	RCALL       _Lcd_Out
;PROJPIC.c,103 :: 		Converte_BCD(1,7,ucHora);     // Convers?o da vari?vel horas para BCD
0x05B0	0x0E01      	MOVLW       1
0x05B2	0x6FC7      	MOVWF       FARG_Converte_BCD_ucLinha, 1
0x05B4	0x0E07      	MOVLW       7
0x05B6	0x6FC8      	MOVWF       FARG_Converte_BCD_ucColuna, 1
0x05B8	0xF0C9C0A5  	MOVFF       _ucHora, FARG_Converte_BCD_ucValor
0x05BC	0xDE20      	RCALL       _Converte_BCD
;PROJPIC.c,104 :: 		Lcd_Chr_CP(':');              // Escreve no display LCD
0x05BE	0x0E3A      	MOVLW       58
0x05C0	0x6FCC      	MOVWF       FARG_Lcd_Chr_CP_out_char, 1
0x05C2	0xDD7E      	RCALL       _Lcd_Chr_CP
;PROJPIC.c,105 :: 		Converte_BCD(1,10,ucMinuto);  // Convers?o da vari?vel minuto para BCD
0x05C4	0x0E01      	MOVLW       1
0x05C6	0x6FC7      	MOVWF       FARG_Converte_BCD_ucLinha, 1
0x05C8	0x0E0A      	MOVLW       10
0x05CA	0x6FC8      	MOVWF       FARG_Converte_BCD_ucColuna, 1
0x05CC	0xF0C9C0A4  	MOVFF       _ucMinuto, FARG_Converte_BCD_ucValor
0x05D0	0xDE16      	RCALL       _Converte_BCD
;PROJPIC.c,106 :: 		Lcd_Chr_CP(':');              // Escreve no display LCD
0x05D2	0x0E3A      	MOVLW       58
0x05D4	0x6FCC      	MOVWF       FARG_Lcd_Chr_CP_out_char, 1
0x05D6	0xDD74      	RCALL       _Lcd_Chr_CP
;PROJPIC.c,107 :: 		Converte_BCD(1,13,ucSegundo); // Convers?o da vari?vel segundo para BCD
0x05D8	0x0E01      	MOVLW       1
0x05DA	0x6FC7      	MOVWF       FARG_Converte_BCD_ucLinha, 1
0x05DC	0x0E0D      	MOVLW       13
0x05DE	0x6FC8      	MOVWF       FARG_Converte_BCD_ucColuna, 1
0x05E0	0xF0C9C0A6  	MOVFF       _ucSegundo, FARG_Converte_BCD_ucValor
0x05E4	0xDE0C      	RCALL       _Converte_BCD
;PROJPIC.c,108 :: 		Lcd_Out(2,1,"(Data)");
0x05E6	0x0E02      	MOVLW       2
0x05E8	0x6FC7      	MOVWF       FARG_Lcd_Out_row, 1
0x05EA	0x0E01      	MOVLW       1
0x05EC	0x6FC8      	MOVWF       FARG_Lcd_Out_column, 1
0x05EE	0x0E4D      	MOVLW       ?lstr9_PROJPIC
0x05F0	0x6FC9      	MOVWF       FARG_Lcd_Out_text, 1
0x05F2	0x0E00      	MOVLW       hi_addr(?lstr9_PROJPIC)
0x05F4	0x6FCA      	MOVWF       FARG_Lcd_Out_text+1, 1
0x05F6	0xDE71      	RCALL       _Lcd_Out
;PROJPIC.c,109 :: 		Converte_BCD(2,7,ucDia);      // Convers?o da vari?vel dia para BCD
0x05F8	0x0E02      	MOVLW       2
0x05FA	0x6FC7      	MOVWF       FARG_Converte_BCD_ucLinha, 1
0x05FC	0x0E07      	MOVLW       7
0x05FE	0x6FC8      	MOVWF       FARG_Converte_BCD_ucColuna, 1
0x0600	0xF0C9C0A8  	MOVFF       _ucDia, FARG_Converte_BCD_ucValor
0x0604	0xDDFC      	RCALL       _Converte_BCD
;PROJPIC.c,110 :: 		Lcd_Chr_CP('/');              // Escreve no display LCD
0x0606	0x0E2F      	MOVLW       47
0x0608	0x6FCC      	MOVWF       FARG_Lcd_Chr_CP_out_char, 1
0x060A	0xDD5A      	RCALL       _Lcd_Chr_CP
;PROJPIC.c,111 :: 		Converte_BCD(2,10,ucMes);     // Convers?o da vari?vel mes para BCD
0x060C	0x0E02      	MOVLW       2
0x060E	0x6FC7      	MOVWF       FARG_Converte_BCD_ucLinha, 1
0x0610	0x0E0A      	MOVLW       10
0x0612	0x6FC8      	MOVWF       FARG_Converte_BCD_ucColuna, 1
0x0614	0xF0C9C0A9  	MOVFF       _ucMes, FARG_Converte_BCD_ucValor
0x0618	0xDDF2      	RCALL       _Converte_BCD
;PROJPIC.c,112 :: 		Lcd_Chr_CP('/');              // Escreve no display LCD
0x061A	0x0E2F      	MOVLW       47
0x061C	0x6FCC      	MOVWF       FARG_Lcd_Chr_CP_out_char, 1
0x061E	0xDD50      	RCALL       _Lcd_Chr_CP
;PROJPIC.c,113 :: 		Converte_BCD(2,13,ucAno);     // Convers?o da vari?vel ano para BCD
0x0620	0x0E02      	MOVLW       2
0x0622	0x6FC7      	MOVWF       FARG_Converte_BCD_ucLinha, 1
0x0624	0x0E0D      	MOVLW       13
0x0626	0x6FC8      	MOVWF       FARG_Converte_BCD_ucColuna, 1
0x0628	0xF0C9C0A7  	MOVFF       _ucAno, FARG_Converte_BCD_ucValor
0x062C	0xDDE8      	RCALL       _Converte_BCD
;PROJPIC.c,114 :: 		Encontra_Dia_Semana();
0x062E	0xDE00      	RCALL       _Encontra_Dia_Semana
;PROJPIC.c,115 :: 		Lcd_Out(3,1,ucTexto);         // Mostra dia da semana
0x0630	0x0E03      	MOVLW       3
0x0632	0x6FC7      	MOVWF       FARG_Lcd_Out_row, 1
0x0634	0x0E01      	MOVLW       1
0x0636	0x6FC8      	MOVWF       FARG_Lcd_Out_column, 1
0x0638	0xF0C9C0AB  	MOVFF       _ucTexto, FARG_Lcd_Out_text
0x063C	0xF0CAC0AC  	MOVFF       _ucTexto+1, FARG_Lcd_Out_text+1
0x0640	0xDE4C      	RCALL       _Lcd_Out
;PROJPIC.c,116 :: 		}
L_end_Display_LCD:
0x0642	0x0012      	RETURN      0
; end of _Display_LCD
_PWM1_Set_Duty:
;__Lib_PWM_c21.c,43 :: 		
;__Lib_PWM_c21.c,47 :: 		
0x0644	0x50CB      	MOVF        PR2, 0 
0x0646	0x0F01      	ADDLW       1
0x0648	0x6E00      	MOVWF       R0 
0x064A	0x6A01      	CLRF        R1 
0x064C	0x0E00      	MOVLW       0
0x064E	0x2201      	ADDWFC      R1, 1 
0x0650	0xF004C0C3  	MOVFF       FARG_PWM1_Set_Duty_new_duty, R4
0x0654	0x0E00      	MOVLW       0
0x0656	0x6E05      	MOVWF       R5 
0x0658	0xDD97      	RCALL       _Mul_16X16_U
0x065A	0x0E06      	MOVLW       6
0x065C	0x6E02      	MOVWF       R2 
0x065E	0xF004C000  	MOVFF       R0, R4
0x0662	0xF005C001  	MOVFF       R1, R5
0x0666	0x5002      	MOVF        R2, 0 
L__PWM1_Set_Duty10:
0x0668	0xE005      	BZ          L__PWM1_Set_Duty11
0x066A	0x3205      	RRCF        R5, 1 
0x066C	0x3204      	RRCF        R4, 1 
0x066E	0x9E05      	BCF         R5, 7 
0x0670	0x0FFF      	ADDLW       255
0x0672	0xD7FA      	BRA         L__PWM1_Set_Duty10
L__PWM1_Set_Duty11:
;__Lib_PWM_c21.c,48 :: 		
0x0674	0x0E04      	MOVLW       4
0x0676	0x6E01      	MOVWF       R1 
0x0678	0xF000C004  	MOVFF       R4, R0
0x067C	0x5001      	MOVF        R1, 0 
L__PWM1_Set_Duty12:
0x067E	0xE004      	BZ          L__PWM1_Set_Duty13
0x0680	0x3600      	RLCF        R0, 1 
0x0682	0x9000      	BCF         R0, 0 
0x0684	0x0FFF      	ADDLW       255
0x0686	0xD7FB      	BRA         L__PWM1_Set_Duty12
L__PWM1_Set_Duty13:
0x0688	0x0E30      	MOVLW       48
0x068A	0x1400      	ANDWF       R0, 0 
0x068C	0x6E03      	MOVWF       R3 
;__Lib_PWM_c21.c,49 :: 		
0x068E	0xF000C004  	MOVFF       R4, R0
0x0692	0xF001C005  	MOVFF       R5, R1
0x0696	0x3201      	RRCF        R1, 1 
0x0698	0x3200      	RRCF        R0, 1 
0x069A	0x9E01      	BCF         R1, 7 
0x069C	0x3201      	RRCF        R1, 1 
0x069E	0x3200      	RRCF        R0, 1 
0x06A0	0x9E01      	BCF         R1, 7 
0x06A2	0xFFBEC000  	MOVFF       R0, CCPR1L
;__Lib_PWM_c21.c,50 :: 		
0x06A6	0x0E0F      	MOVLW       15
0x06A8	0x16BD      	ANDWF       CCP1CON, 1 
;__Lib_PWM_c21.c,51 :: 		
0x06AA	0x5003      	MOVF        R3, 0 
0x06AC	0x12BD      	IORWF       CCP1CON, 1 
;__Lib_PWM_c21.c,52 :: 		
L_end_PWM1_Set_Duty:
0x06AE	0x0012      	RETURN      0
; end of _PWM1_Set_Duty
_PWM1_Init:
;__Lib_PWM_c21.c,36 :: 		
;__Lib_PWM_c21.c,37 :: 		
;__Lib_PWM_c21.c,38 :: 		
0x06B0	0x6ABE      	CLRF        CCPR1L 
;__Lib_PWM_c21.c,39 :: 		
0x06B2	0x98BD      	BCF         CCP1CON, 4 
;__Lib_PWM_c21.c,40 :: 		
0x06B4	0x9ABD      	BCF         CCP1CON, 5 
;__Lib_PWM_c21.c,41 :: 		
L_end_PWM1_Init:
0x06B6	0x0012      	RETURN      0
; end of _PWM1_Init
_PWM1_Start:
;__Lib_PWM_c21.c,54 :: 		
;__Lib_PWM_c21.c,55 :: 		
0x06B8	0x9494      	BCF         TRISC2_bit, BitPos(TRISC2_bit+0) 
;__Lib_PWM_c21.c,56 :: 		
0x06BA	0x84CA      	BSF         T2CON, 2 
;__Lib_PWM_c21.c,57 :: 		
0x06BC	0x0E0C      	MOVLW       12
0x06BE	0x12BD      	IORWF       CCP1CON, 1 
;__Lib_PWM_c21.c,58 :: 		
L_end_PWM1_Start:
0x06C0	0x0012      	RETURN      0
; end of _PWM1_Start
_Div_16X16_U:
;__Lib_Math.c,102 :: 		
;__Lib_Math.c,109 :: 		
0x06C2	0x6A08      	CLRF        R8, 0
;__Lib_Math.c,110 :: 		
0x06C4	0x6A09      	CLRF        R9, 0
;__Lib_Math.c,111 :: 		
0x06C6	0x0E10      	MOVLW       16
;__Lib_Math.c,112 :: 		
0x06C8	0x6E0C      	MOVWF       R12, 0
;__Lib_Math.c,113 :: 		
0x06CA	0x3401      	RLCF        R1, 0, 0
;__Lib_Math.c,114 :: 		
0x06CC	0x3608      	RLCF        R8, 1, 0
;__Lib_Math.c,115 :: 		
0x06CE	0x3609      	RLCF        R9, 1, 0
;__Lib_Math.c,116 :: 		
0x06D0	0x5004      	MOVF        R4, 0, 0
;__Lib_Math.c,117 :: 		
0x06D2	0x5E08      	SUBWF       R8, 1, 0
;__Lib_Math.c,118 :: 		
0x06D4	0x5005      	MOVF        R5, 0, 0
;__Lib_Math.c,119 :: 		
0x06D6	0xA0D8      	BTFSS       STATUS, 0, 0
;__Lib_Math.c,120 :: 		
0x06D8	0x3C05      	INCFSZ      R5, 0, 0
;__Lib_Math.c,121 :: 		
0x06DA	0x5E09      	SUBWF       R9, 1, 0
;__Lib_Math.c,122 :: 		
0x06DC	0xB0D8      	BTFSC       STATUS, 0, 0
;__Lib_Math.c,123 :: 		
0x06DE	0xD007      	BRA         $+16
;__Lib_Math.c,124 :: 		
0x06E0	0x5004      	MOVF        R4, 0, 0
;__Lib_Math.c,125 :: 		
0x06E2	0x2608      	ADDWF       R8, 1, 0
;__Lib_Math.c,126 :: 		
0x06E4	0x5005      	MOVF        R5, 0, 0
;__Lib_Math.c,127 :: 		
0x06E6	0xB0D8      	BTFSC       STATUS, 0, 0
;__Lib_Math.c,128 :: 		
0x06E8	0x3C05      	INCFSZ      R5, 0, 0
;__Lib_Math.c,129 :: 		
0x06EA	0x2609      	ADDWF       R9, 1, 0
;__Lib_Math.c,130 :: 		
0x06EC	0x90D8      	BCF         STATUS, 0, 0
;__Lib_Math.c,131 :: 		
0x06EE	0x3600      	RLCF        R0, 1, 0
;__Lib_Math.c,132 :: 		
0x06F0	0x3601      	RLCF        R1, 1, 0
;__Lib_Math.c,133 :: 		
0x06F2	0x2E0C      	DECFSZ      R12, 1, 0
;__Lib_Math.c,134 :: 		
0x06F4	0xD7EA      	BRA         $-42
;__Lib_Math.c,136 :: 		
L_end_Div_16X16_U:
0x06F6	0x0012      	RETURN      0
; end of _Div_16X16_U
_PWM1_Stop:
;__Lib_PWM_c21.c,60 :: 		
;__Lib_PWM_c21.c,61 :: 		
0x06F8	0x8494      	BSF         TRISC2_bit, BitPos(TRISC2_bit+0) 
;__Lib_PWM_c21.c,62 :: 		
0x06FA	0x94CA      	BCF         T2CON, 2 
;__Lib_PWM_c21.c,63 :: 		
0x06FC	0x0EF0      	MOVLW       240
0x06FE	0x16BD      	ANDWF       CCP1CON, 1 
;__Lib_PWM_c21.c,64 :: 		
L_end_PWM1_Stop:
0x0700	0x0012      	RETURN      0
; end of _PWM1_Stop
_main:
0x0702	0xF005ECBB  	CALL        2934, 0
;PROJPIC.c,119 :: 		void main(){
;PROJPIC.c,122 :: 		unsigned int Control = 1;  // +++++++ VARIAVEL DE CONTROLE DA COMUNICAO ++++++++
0x0706	0x0E01      	MOVLW       1
0x0708	0x0100      	MOVLB       0
0x070A	0x6FC1      	MOVWF       main_Control_L0, 1
0x070C	0x0E00      	MOVLW       0
0x070E	0x6FC2      	MOVWF       main_Control_L0+1, 1
;PROJPIC.c,125 :: 		ADCON1  = 0x0E;                           //Configura os pinos do PORTB como digitais, e RA0 (PORTA) como analgico
0x0710	0x0E0E      	MOVLW       14
0x0712	0x6EC1      	MOVWF       ADCON1 
;PROJPIC.c,127 :: 		TRISD = 0;
0x0714	0x6A95      	CLRF        TRISD 
;PROJPIC.c,128 :: 		TRISC.RC1 = 0;      //PORT C configurado como sa?da            buzzer
0x0716	0x9294      	BCF         TRISC, 1 
;PROJPIC.c,130 :: 		TRISB =0;            // Define todos os pinos do PORTB como sa?da.
0x0718	0x6A93      	CLRF        TRISB 
;PROJPIC.c,131 :: 		PORTB = 0;           // Colocar todos os pinos em n?vel baixo.             leds
0x071A	0x6A81      	CLRF        PORTB 
;PROJPIC.c,133 :: 		ADCON1 = 0x0F;
0x071C	0x0E0F      	MOVLW       15
0x071E	0x6EC1      	MOVWF       ADCON1 
;PROJPIC.c,135 :: 		TRISA.RA4 = 0;      //Display 3
0x0720	0x9892      	BCF         TRISA, 4 
;PROJPIC.c,136 :: 		TRISA.RA5 = 0;     // Display 4
0x0722	0x9A92      	BCF         TRISA, 5 
;PROJPIC.c,137 :: 		TRISC.RC5 = 0;
0x0724	0x9A94      	BCF         TRISC, 5 
;PROJPIC.c,138 :: 		CMCON = 0X07;                             // Desliga os comparadores.
0x0726	0x0E07      	MOVLW       7
0x0728	0x6EB4      	MOVWF       CMCON 
;PROJPIC.c,141 :: 		Lcd_Init();                               // Inicializa LCD.
0x072A	0xDE97      	RCALL       _Lcd_Init
;PROJPIC.c,143 :: 		Lcd_Cmd(_LCD_CLEAR);                      // Apaga display
0x072C	0x0E01      	MOVLW       1
0x072E	0x6FCF      	MOVWF       FARG_Lcd_Cmd_out_char, 1
0x0730	0xDC88      	RCALL       _Lcd_Cmd
;PROJPIC.c,144 :: 		Lcd_Cmd(_LCD_CURSOR_OFF);                 // Desliga cursor
0x0732	0x0E0C      	MOVLW       12
0x0734	0x6FCF      	MOVWF       FARG_Lcd_Cmd_out_char, 1
0x0736	0xDC85      	RCALL       _Lcd_Cmd
;PROJPIC.c,145 :: 		Grava_RTC();
0x0738	0xDE67      	RCALL       _Grava_RTC
;PROJPIC.c,147 :: 		UART1_Init(9600);  // Utiliza bibliotecas do compilador para configurao o Baud rate.
0x073A	0x86B8      	BSF         BAUDCON, 3, 0
0x073C	0x6AB0      	CLRF        SPBRGH 
0x073E	0x0ECF      	MOVLW       207
0x0740	0x6EAF      	MOVWF       SPBRG 
0x0742	0x84AC      	BSF         TXSTA, 2, 0
0x0744	0xDE1A      	RCALL       _UART1_Init
;PROJPIC.c,149 :: 		while(1){  // SELECIONE A VARIAVEL DE CONTROLE (CONTROL) DECLARADA ACIMA.
L_main9:
0x0746	0x0100      	MOVLB       0
;PROJPIC.c,150 :: 		PORTB.RB0=0;         // Todos os pinos do PORTB em 0.
0x0748	0x9081      	BCF         PORTB, 0 
;PROJPIC.c,151 :: 		PORTB.RB1=0;         // Todos os pinos do PORTB em 0.
0x074A	0x9281      	BCF         PORTB, 1 
;PROJPIC.c,152 :: 		PORTB.RB2=0;         // Todos os pinos do PORTB em 0.
0x074C	0x9481      	BCF         PORTB, 2 
;PROJPIC.c,153 :: 		PORTB.RB3=0;         // Todos os pinos do PORTB em 0.
0x074E	0x9681      	BCF         PORTB, 3 
;PROJPIC.c,154 :: 		PORTB.RB4=0;         // Todos os pinos do PORTB em 0.
0x0750	0x9881      	BCF         PORTB, 4 
;PROJPIC.c,155 :: 		PORTB.RB5=0;         // Todos os pinos do PORTB em 0.
0x0752	0x9A81      	BCF         PORTB, 5 
;PROJPIC.c,156 :: 		PORTB.RB6=0;         // Todos os pinos do PORTB em 0.
0x0754	0x9C81      	BCF         PORTB, 6 
;PROJPIC.c,157 :: 		PORTB.RB7=0;         // Todos os pinos do PORTB em 0.
0x0756	0x9E81      	BCF         PORTB, 7 
;PROJPIC.c,159 :: 		PORTB.RA5=0;         // Todos os pinos do PORTB em 0.
0x0758	0x9A81      	BCF         PORTB, 5 
;PROJPIC.c,161 :: 		iLeituraAD= ADC_Read(2);         //sensor de temperatura
0x075A	0x0E02      	MOVLW       2
0x075C	0x6FC3      	MOVWF       FARG_ADC_Read_channel, 1
0x075E	0xDE39      	RCALL       _ADC_Read
0x0760	0xF07DC000  	MOVFF       R0, _iLeituraAD
0x0764	0xF07EC001  	MOVFF       R1, _iLeituraAD+1
;PROJPIC.c,162 :: 		iLeituraAD/=2;
0x0768	0xF07DC000  	MOVFF       R0, _iLeituraAD
0x076C	0xF07EC001  	MOVFF       R1, _iLeituraAD+1
0x0770	0x327E      	RRCF        _iLeituraAD+1, 1 
0x0772	0x327D      	RRCF        _iLeituraAD, 1 
0x0774	0x9E7E      	BCF         _iLeituraAD+1, 7 
;PROJPIC.c,164 :: 		Delay_ms(2);
0x0776	0x0E06      	MOVLW       6
0x0778	0x6E0C      	MOVWF       R12, 0
0x077A	0x0E30      	MOVLW       48
0x077C	0x6E0D      	MOVWF       R13, 0
L_main11:
0x077E	0x2E0D      	DECFSZ      R13, 1, 0
0x0780	0xD7FE      	BRA         L_main11
0x0782	0x2E0C      	DECFSZ      R12, 1, 0
0x0784	0xD7FC      	BRA         L_main11
0x0786	0x0000      	NOP
;PROJPIC.c,166 :: 		if(iLeituraAD >= 25)
0x0788	0x0E00      	MOVLW       0
0x078A	0x5C7E      	SUBWF       _iLeituraAD+1, 0 
0x078C	0xE102      	BNZ         L__main46
0x078E	0x0E19      	MOVLW       25
0x0790	0x5C7D      	SUBWF       _iLeituraAD, 0 
L__main46:
0x0792	0xE30C      	BNC         L_main12
;PROJPIC.c,168 :: 		PWM1_Init(5000);
0x0794	0x80CA      	BSF         T2CON, 0, 0
0x0796	0x92CA      	BCF         T2CON, 1, 0
0x0798	0x0E63      	MOVLW       99
0x079A	0x6ECB      	MOVWF       PR2, 0
0x079C	0xDF89      	RCALL       _PWM1_Init
;PROJPIC.c,169 :: 		PWM1_Set_Duty(iLeituraAD * 5);
0x079E	0x0E05      	MOVLW       5
0x07A0	0x027D      	MULWF       _iLeituraAD 
0x07A2	0xF0C3CFF3  	MOVFF       PRODL, FARG_PWM1_Set_Duty_new_duty
0x07A6	0xDF4E      	RCALL       _PWM1_Set_Duty
;PROJPIC.c,170 :: 		PWM1_Start();
0x07A8	0xDF87      	RCALL       _PWM1_Start
;PROJPIC.c,171 :: 		}
0x07AA	0xD001      	BRA         L_main13
L_main12:
;PROJPIC.c,174 :: 		PWM1_Stop();
0x07AC	0xDFA5      	RCALL       _PWM1_Stop
;PROJPIC.c,175 :: 		}
L_main13:
;PROJPIC.c,177 :: 		uiValor = iLeituraAD;
0x07AE	0xF0BEC07D  	MOVFF       _iLeituraAD, _uiValor
0x07B2	0xF0BFC07E  	MOVFF       _iLeituraAD+1, _uiValor+1
;PROJPIC.c,178 :: 		Delay_ms(2);
0x07B6	0x0E06      	MOVLW       6
0x07B8	0x6E0C      	MOVWF       R12, 0
0x07BA	0x0E30      	MOVLW       48
0x07BC	0x6E0D      	MOVWF       R13, 0
L_main14:
0x07BE	0x2E0D      	DECFSZ      R13, 1, 0
0x07C0	0xD7FE      	BRA         L_main14
0x07C2	0x2E0C      	DECFSZ      R12, 1, 0
0x07C4	0xD7FC      	BRA         L_main14
0x07C6	0x0000      	NOP
;PROJPIC.c,179 :: 		PORTD = ucMask[uiValor%10];
0x07C8	0x0E0A      	MOVLW       10
0x07CA	0x6E04      	MOVWF       R4 
0x07CC	0x0E00      	MOVLW       0
0x07CE	0x6E05      	MOVWF       R5 
0x07D0	0xF000C0BE  	MOVFF       _uiValor, R0
0x07D4	0xF001C0BF  	MOVFF       _uiValor+1, R1
0x07D8	0xDF74      	RCALL       _Div_16X16_U
0x07DA	0xF000C008  	MOVFF       R8, R0
0x07DE	0xF001C009  	MOVFF       R9, R1
0x07E2	0x0E62      	MOVLW       _ucMask
0x07E4	0x2400      	ADDWF       R0, 0 
0x07E6	0x6EE9      	MOVWF       FSR0L 
0x07E8	0x0E00      	MOVLW       hi_addr(_ucMask)
0x07EA	0x2001      	ADDWFC      R1, 0 
0x07EC	0x6EEA      	MOVWF       FSR0H 
0x07EE	0xFF83CFEE  	MOVFF       POSTINC0, PORTD
;PROJPIC.c,180 :: 		PORTA.RA5 = 1;
0x07F2	0x8A80      	BSF         PORTA, 5 
;PROJPIC.c,181 :: 		Delay_ms(2);
0x07F4	0x0E06      	MOVLW       6
0x07F6	0x6E0C      	MOVWF       R12, 0
0x07F8	0x0E30      	MOVLW       48
0x07FA	0x6E0D      	MOVWF       R13, 0
L_main15:
0x07FC	0x2E0D      	DECFSZ      R13, 1, 0
0x07FE	0xD7FE      	BRA         L_main15
0x0800	0x2E0C      	DECFSZ      R12, 1, 0
0x0802	0xD7FC      	BRA         L_main15
0x0804	0x0000      	NOP
;PROJPIC.c,182 :: 		PORTA.RA5 = 0;
0x0806	0x9A80      	BCF         PORTA, 5 
;PROJPIC.c,183 :: 		uiValor/=10;
0x0808	0x0E0A      	MOVLW       10
0x080A	0x6E04      	MOVWF       R4 
0x080C	0x0E00      	MOVLW       0
0x080E	0x6E05      	MOVWF       R5 
0x0810	0xF000C0BE  	MOVFF       _uiValor, R0
0x0814	0xF001C0BF  	MOVFF       _uiValor+1, R1
0x0818	0xDF54      	RCALL       _Div_16X16_U
0x081A	0xF0BEC000  	MOVFF       R0, _uiValor
0x081E	0xF0BFC001  	MOVFF       R1, _uiValor+1
;PROJPIC.c,184 :: 		PORTD = ucMask[uiValor%10];
0x0822	0x0E0A      	MOVLW       10
0x0824	0x6E04      	MOVWF       R4 
0x0826	0x0E00      	MOVLW       0
0x0828	0x6E05      	MOVWF       R5 
0x082A	0xDF4B      	RCALL       _Div_16X16_U
0x082C	0xF000C008  	MOVFF       R8, R0
0x0830	0xF001C009  	MOVFF       R9, R1
0x0834	0x0E62      	MOVLW       _ucMask
0x0836	0x2400      	ADDWF       R0, 0 
0x0838	0x6EE9      	MOVWF       FSR0L 
0x083A	0x0E00      	MOVLW       hi_addr(_ucMask)
0x083C	0x2001      	ADDWFC      R1, 0 
0x083E	0x6EEA      	MOVWF       FSR0H 
0x0840	0xFF83CFEE  	MOVFF       POSTINC0, PORTD
;PROJPIC.c,185 :: 		PORTA.RA4 = 1;
0x0844	0x8880      	BSF         PORTA, 4 
;PROJPIC.c,186 :: 		Delay_ms(2);
0x0846	0x0E06      	MOVLW       6
0x0848	0x6E0C      	MOVWF       R12, 0
0x084A	0x0E30      	MOVLW       48
0x084C	0x6E0D      	MOVWF       R13, 0
L_main16:
0x084E	0x2E0D      	DECFSZ      R13, 1, 0
0x0850	0xD7FE      	BRA         L_main16
0x0852	0x2E0C      	DECFSZ      R12, 1, 0
0x0854	0xD7FC      	BRA         L_main16
0x0856	0x0000      	NOP
;PROJPIC.c,187 :: 		PORTA.RA4 = 0;
0x0858	0x9880      	BCF         PORTA, 4 
;PROJPIC.c,188 :: 		Delay_ms(2);
0x085A	0x0E06      	MOVLW       6
0x085C	0x6E0C      	MOVWF       R12, 0
0x085E	0x0E30      	MOVLW       48
0x0860	0x6E0D      	MOVWF       R13, 0
L_main17:
0x0862	0x2E0D      	DECFSZ      R13, 1, 0
0x0864	0xD7FE      	BRA         L_main17
0x0866	0x2E0C      	DECFSZ      R12, 1, 0
0x0868	0xD7FC      	BRA         L_main17
0x086A	0x0000      	NOP
;PROJPIC.c,190 :: 		if (Control == 0){   // O PIC (Control = 0) envia um caracter e o Arduino responde com outro caracter.
0x086C	0x0E00      	MOVLW       0
0x086E	0x0100      	MOVLB       0
0x0870	0x19C2      	XORWF       main_Control_L0+1, 0, 1
0x0872	0xE102      	BNZ         L__main47
0x0874	0x0E00      	MOVLW       0
0x0876	0x19C1      	XORWF       main_Control_L0, 0, 1
L__main47:
0x0878	0xE141      	BNZ         L_main18
;PROJPIC.c,191 :: 		UART1_Write('T');
0x087A	0x0E54      	MOVLW       84
0x087C	0x6FC3      	MOVWF       FARG_UART1_Write_data_, 1
0x087E	0xDE46      	RCALL       _UART1_Write
;PROJPIC.c,192 :: 		lcd_out(1,1,"PIC Send/Receive");
0x0880	0x0E01      	MOVLW       1
0x0882	0x0100      	MOVLB       0
0x0884	0x6FC7      	MOVWF       FARG_Lcd_Out_row, 1
0x0886	0x0E01      	MOVLW       1
0x0888	0x6FC8      	MOVWF       FARG_Lcd_Out_column, 1
0x088A	0x0E6C      	MOVLW       ?lstr10_PROJPIC
0x088C	0x6FC9      	MOVWF       FARG_Lcd_Out_text, 1
0x088E	0x0E00      	MOVLW       hi_addr(?lstr10_PROJPIC)
0x0890	0x6FCA      	MOVWF       FARG_Lcd_Out_text+1, 1
0x0892	0xDD23      	RCALL       _Lcd_Out
;PROJPIC.c,193 :: 		lcd_out(2,1,"Send = T");
0x0894	0x0E02      	MOVLW       2
0x0896	0x6FC7      	MOVWF       FARG_Lcd_Out_row, 1
0x0898	0x0E01      	MOVLW       1
0x089A	0x6FC8      	MOVWF       FARG_Lcd_Out_column, 1
0x089C	0x0E94      	MOVLW       ?lstr11_PROJPIC
0x089E	0x6FC9      	MOVWF       FARG_Lcd_Out_text, 1
0x08A0	0x0E00      	MOVLW       hi_addr(?lstr11_PROJPIC)
0x08A2	0x6FCA      	MOVWF       FARG_Lcd_Out_text+1, 1
0x08A4	0xDD1A      	RCALL       _Lcd_Out
;PROJPIC.c,194 :: 		Delay_ms(50);
0x08A6	0x0E82      	MOVLW       130
0x08A8	0x6E0C      	MOVWF       R12, 0
0x08AA	0x0EDD      	MOVLW       221
0x08AC	0x6E0D      	MOVWF       R13, 0
L_main19:
0x08AE	0x2E0D      	DECFSZ      R13, 1, 0
0x08B0	0xD7FE      	BRA         L_main19
0x08B2	0x2E0C      	DECFSZ      R12, 1, 0
0x08B4	0xD7FC      	BRA         L_main19
0x08B6	0x0000      	NOP
0x08B8	0x0000      	NOP
;PROJPIC.c,195 :: 		if(UART1_Data_Ready()){  // Verifica se o dado enviado foi recebido no buffer
0x08BA	0xDE23      	RCALL       _UART1_Data_Ready
0x08BC	0x5200      	MOVF        R0, 1 
0x08BE	0xE01E      	BZ          L_main20
;PROJPIC.c,196 :: 		ucRead = UART1_Read(); // L o dado da serial.
0x08C0	0xDE2C      	RCALL       _UART1_Read
0x08C2	0xF0C0C000  	MOVFF       R0, main_ucRead_L0
;PROJPIC.c,197 :: 		Delay_ms(50);   // Pausa de 100ms.
0x08C6	0x0E82      	MOVLW       130
0x08C8	0x6E0C      	MOVWF       R12, 0
0x08CA	0x0EDD      	MOVLW       221
0x08CC	0x6E0D      	MOVWF       R13, 0
L_main21:
0x08CE	0x2E0D      	DECFSZ      R13, 1, 0
0x08D0	0xD7FE      	BRA         L_main21
0x08D2	0x2E0C      	DECFSZ      R12, 1, 0
0x08D4	0xD7FC      	BRA         L_main21
0x08D6	0x0000      	NOP
0x08D8	0x0000      	NOP
;PROJPIC.c,198 :: 		if (ucRead == 'S'){
0x08DA	0x0100      	MOVLB       0
0x08DC	0x51C0      	MOVF        main_ucRead_L0, 0, 1
0x08DE	0x0A53      	XORLW       83
0x08E0	0xE10D      	BNZ         L_main22
;PROJPIC.c,199 :: 		lcd_out(2,10,"Rec.= ");
0x08E2	0x0E02      	MOVLW       2
0x08E4	0x6FC7      	MOVWF       FARG_Lcd_Out_row, 1
0x08E6	0x0E0A      	MOVLW       10
0x08E8	0x6FC8      	MOVWF       FARG_Lcd_Out_column, 1
0x08EA	0x0E9D      	MOVLW       ?lstr12_PROJPIC
0x08EC	0x6FC9      	MOVWF       FARG_Lcd_Out_text, 1
0x08EE	0x0E00      	MOVLW       hi_addr(?lstr12_PROJPIC)
0x08F0	0x6FCA      	MOVWF       FARG_Lcd_Out_text+1, 1
0x08F2	0xDCF3      	RCALL       _Lcd_Out
;PROJPIC.c,200 :: 		lcd_chr_cp (ucRead);
0x08F4	0xF0CCC0C0  	MOVFF       main_ucRead_L0, FARG_Lcd_Chr_CP_out_char
0x08F8	0xF000EC60  	CALL        _Lcd_Chr_CP, 0
;PROJPIC.c,201 :: 		}
L_main22:
;PROJPIC.c,202 :: 		}
L_main20:
;PROJPIC.c,203 :: 		}
L_main18:
;PROJPIC.c,205 :: 		if (Control == 1){   // O PIC (Control = 0) envia um caracter e o Arduino responde com outro caracter.
0x08FC	0x0E00      	MOVLW       0
0x08FE	0x19C2      	XORWF       main_Control_L0+1, 0, 1
0x0900	0xE102      	BNZ         L__main48
0x0902	0x0E01      	MOVLW       1
0x0904	0x19C1      	XORWF       main_Control_L0, 0, 1
L__main48:
0x0906	0xA4D8      	BTFSS       STATUS, 2 
0x0908	0xD0EC      	BRA         L_main23
;PROJPIC.c,206 :: 		if(UART1_Data_Ready()){  // Verifica se o dado enviado foi recebido no buffer
0x090A	0xDDFB      	RCALL       _UART1_Data_Ready
0x090C	0x5200      	MOVF        R0, 1 
0x090E	0xB4D8      	BTFSC       STATUS, 2 
0x0910	0xD0E8      	BRA         L_main24
;PROJPIC.c,207 :: 		ucRead = UART1_Read(); // L o dado da serial.
0x0912	0xDE03      	RCALL       _UART1_Read
0x0914	0xF0C0C000  	MOVFF       R0, main_ucRead_L0
;PROJPIC.c,208 :: 		Delay_ms(50);   // Pausa de 100ms.
0x0918	0x0E82      	MOVLW       130
0x091A	0x6E0C      	MOVWF       R12, 0
0x091C	0x0EDD      	MOVLW       221
0x091E	0x6E0D      	MOVWF       R13, 0
L_main25:
0x0920	0x2E0D      	DECFSZ      R13, 1, 0
0x0922	0xD7FE      	BRA         L_main25
0x0924	0x2E0C      	DECFSZ      R12, 1, 0
0x0926	0xD7FC      	BRA         L_main25
0x0928	0x0000      	NOP
0x092A	0x0000      	NOP
;PROJPIC.c,209 :: 		if (ucRead == 'M'){
0x092C	0x0100      	MOVLB       0
0x092E	0x51C0      	MOVF        main_ucRead_L0, 0, 1
0x0930	0x0A4D      	XORLW       77
0x0932	0xA4D8      	BTFSS       STATUS, 2 
0x0934	0xD08F      	BRA         L_main26
;PROJPIC.c,210 :: 		Lcd_Cmd(_LCD_CLEAR);                      //Limpa display
0x0936	0x0E01      	MOVLW       1
0x0938	0x6FCF      	MOVWF       FARG_Lcd_Cmd_out_char, 1
0x093A	0xF000EC21  	CALL        _Lcd_Cmd, 0
;PROJPIC.c,211 :: 		lcd_out(1,1,"SITUACAO : ");
0x093E	0x0E01      	MOVLW       1
0x0940	0x6FC7      	MOVWF       FARG_Lcd_Out_row, 1
0x0942	0x0E01      	MOVLW       1
0x0944	0x6FC8      	MOVWF       FARG_Lcd_Out_column, 1
0x0946	0x0E7F      	MOVLW       ?lstr13_PROJPIC
0x0948	0x6FC9      	MOVWF       FARG_Lcd_Out_text, 1
0x094A	0x0E00      	MOVLW       hi_addr(?lstr13_PROJPIC)
0x094C	0x6FCA      	MOVWF       FARG_Lcd_Out_text+1, 1
0x094E	0xDCC5      	RCALL       _Lcd_Out
;PROJPIC.c,212 :: 		lcd_out(2,1,"INCENDIO");
0x0950	0x0E02      	MOVLW       2
0x0952	0x6FC7      	MOVWF       FARG_Lcd_Out_row, 1
0x0954	0x0E01      	MOVLW       1
0x0956	0x6FC8      	MOVWF       FARG_Lcd_Out_column, 1
0x0958	0x0E8B      	MOVLW       ?lstr14_PROJPIC
0x095A	0x6FC9      	MOVWF       FARG_Lcd_Out_text, 1
0x095C	0x0E00      	MOVLW       hi_addr(?lstr14_PROJPIC)
0x095E	0x6FCA      	MOVWF       FARG_Lcd_Out_text+1, 1
0x0960	0xDCBC      	RCALL       _Lcd_Out
;PROJPIC.c,213 :: 		if(!mode){
0x0962	0x5057      	MOVF        _mode, 0 
0x0964	0x1058      	IORWF       _mode+1, 0 
0x0966	0xE168      	BNZ         L_main27
;PROJPIC.c,214 :: 		PORTC.RC1 = ~PORTC.RC1;   //invers?o de estado do buzzer
0x0968	0x7282      	BTG         PORTC, 1 
;PROJPIC.c,215 :: 		PORTB.RB0=1;         // Todos os pinos do PORTB em 0.
0x096A	0x8081      	BSF         PORTB, 0 
;PROJPIC.c,217 :: 		PORTB.RB1=1;         // Todos os pinos do PORTB em 0.
0x096C	0x8281      	BSF         PORTB, 1 
;PROJPIC.c,218 :: 		delay_ms(100);   //delay de 1000 milisegundos
0x096E	0x0E02      	MOVLW       2
0x0970	0x6E0B      	MOVWF       R11, 0
0x0972	0x0E04      	MOVLW       4
0x0974	0x6E0C      	MOVWF       R12, 0
0x0976	0x0EBA      	MOVLW       186
0x0978	0x6E0D      	MOVWF       R13, 0
L_main28:
0x097A	0x2E0D      	DECFSZ      R13, 1, 0
0x097C	0xD7FE      	BRA         L_main28
0x097E	0x2E0C      	DECFSZ      R12, 1, 0
0x0980	0xD7FC      	BRA         L_main28
0x0982	0x2E0B      	DECFSZ      R11, 1, 0
0x0984	0xD7FA      	BRA         L_main28
0x0986	0x0000      	NOP
;PROJPIC.c,219 :: 		PORTB.RB2=1;         // Todos os pinos do PORTB em 0.
0x0988	0x8481      	BSF         PORTB, 2 
;PROJPIC.c,220 :: 		delay_ms(100);   //delay de 1000 milisegundos
0x098A	0x0E02      	MOVLW       2
0x098C	0x6E0B      	MOVWF       R11, 0
0x098E	0x0E04      	MOVLW       4
0x0990	0x6E0C      	MOVWF       R12, 0
0x0992	0x0EBA      	MOVLW       186
0x0994	0x6E0D      	MOVWF       R13, 0
L_main29:
0x0996	0x2E0D      	DECFSZ      R13, 1, 0
0x0998	0xD7FE      	BRA         L_main29
0x099A	0x2E0C      	DECFSZ      R12, 1, 0
0x099C	0xD7FC      	BRA         L_main29
0x099E	0x2E0B      	DECFSZ      R11, 1, 0
0x09A0	0xD7FA      	BRA         L_main29
0x09A2	0x0000      	NOP
;PROJPIC.c,221 :: 		PORTB.RB3=1;         // Todos os pinos do PORTB em 0.
0x09A4	0x8681      	BSF         PORTB, 3 
;PROJPIC.c,222 :: 		delay_ms(100);   //delay de 1000 milisegundos
0x09A6	0x0E02      	MOVLW       2
0x09A8	0x6E0B      	MOVWF       R11, 0
0x09AA	0x0E04      	MOVLW       4
0x09AC	0x6E0C      	MOVWF       R12, 0
0x09AE	0x0EBA      	MOVLW       186
0x09B0	0x6E0D      	MOVWF       R13, 0
L_main30:
0x09B2	0x2E0D      	DECFSZ      R13, 1, 0
0x09B4	0xD7FE      	BRA         L_main30
0x09B6	0x2E0C      	DECFSZ      R12, 1, 0
0x09B8	0xD7FC      	BRA         L_main30
0x09BA	0x2E0B      	DECFSZ      R11, 1, 0
0x09BC	0xD7FA      	BRA         L_main30
0x09BE	0x0000      	NOP
;PROJPIC.c,223 :: 		PORTB.RB4=1;         // Todos os pinos do PORTB em 0.
0x09C0	0x8881      	BSF         PORTB, 4 
;PROJPIC.c,224 :: 		delay_ms(100);   //delay de 1000 milisegundos
0x09C2	0x0E02      	MOVLW       2
0x09C4	0x6E0B      	MOVWF       R11, 0
0x09C6	0x0E04      	MOVLW       4
0x09C8	0x6E0C      	MOVWF       R12, 0
0x09CA	0x0EBA      	MOVLW       186
0x09CC	0x6E0D      	MOVWF       R13, 0
L_main31:
0x09CE	0x2E0D      	DECFSZ      R13, 1, 0
0x09D0	0xD7FE      	BRA         L_main31
0x09D2	0x2E0C      	DECFSZ      R12, 1, 0
0x09D4	0xD7FC      	BRA         L_main31
0x09D6	0x2E0B      	DECFSZ      R11, 1, 0
0x09D8	0xD7FA      	BRA         L_main31
0x09DA	0x0000      	NOP
;PROJPIC.c,225 :: 		PORTB.RB5=1;         // Todos os pinos do PORTB em 0.
0x09DC	0x8A81      	BSF         PORTB, 5 
;PROJPIC.c,226 :: 		delay_ms(100);   //delay de 1000 milisegundos
0x09DE	0x0E02      	MOVLW       2
0x09E0	0x6E0B      	MOVWF       R11, 0
0x09E2	0x0E04      	MOVLW       4
0x09E4	0x6E0C      	MOVWF       R12, 0
0x09E6	0x0EBA      	MOVLW       186
0x09E8	0x6E0D      	MOVWF       R13, 0
L_main32:
0x09EA	0x2E0D      	DECFSZ      R13, 1, 0
0x09EC	0xD7FE      	BRA         L_main32
0x09EE	0x2E0C      	DECFSZ      R12, 1, 0
0x09F0	0xD7FC      	BRA         L_main32
0x09F2	0x2E0B      	DECFSZ      R11, 1, 0
0x09F4	0xD7FA      	BRA         L_main32
0x09F6	0x0000      	NOP
;PROJPIC.c,227 :: 		PORTB.RB6=1;         // Todos os pinos do PORTB em 0.
0x09F8	0x8C81      	BSF         PORTB, 6 
;PROJPIC.c,228 :: 		delay_ms(100);   //delay de 1000 milisegundos
0x09FA	0x0E02      	MOVLW       2
0x09FC	0x6E0B      	MOVWF       R11, 0
0x09FE	0x0E04      	MOVLW       4
0x0A00	0x6E0C      	MOVWF       R12, 0
0x0A02	0x0EBA      	MOVLW       186
0x0A04	0x6E0D      	MOVWF       R13, 0
L_main33:
0x0A06	0x2E0D      	DECFSZ      R13, 1, 0
0x0A08	0xD7FE      	BRA         L_main33
0x0A0A	0x2E0C      	DECFSZ      R12, 1, 0
0x0A0C	0xD7FC      	BRA         L_main33
0x0A0E	0x2E0B      	DECFSZ      R11, 1, 0
0x0A10	0xD7FA      	BRA         L_main33
0x0A12	0x0000      	NOP
;PROJPIC.c,229 :: 		PORTB.RB7=1;         // Todos os pinos do PORTB em 0.
0x0A14	0x8E81      	BSF         PORTB, 7 
;PROJPIC.c,230 :: 		delay_ms(100);   //delay de 1000 milisegundos
0x0A16	0x0E02      	MOVLW       2
0x0A18	0x6E0B      	MOVWF       R11, 0
0x0A1A	0x0E04      	MOVLW       4
0x0A1C	0x6E0C      	MOVWF       R12, 0
0x0A1E	0x0EBA      	MOVLW       186
0x0A20	0x6E0D      	MOVWF       R13, 0
L_main34:
0x0A22	0x2E0D      	DECFSZ      R13, 1, 0
0x0A24	0xD7FE      	BRA         L_main34
0x0A26	0x2E0C      	DECFSZ      R12, 1, 0
0x0A28	0xD7FC      	BRA         L_main34
0x0A2A	0x2E0B      	DECFSZ      R11, 1, 0
0x0A2C	0xD7FA      	BRA         L_main34
0x0A2E	0x0000      	NOP
;PROJPIC.c,231 :: 		mode = 1;
0x0A30	0x0E01      	MOVLW       1
0x0A32	0x6E57      	MOVWF       _mode 
0x0A34	0x0E00      	MOVLW       0
0x0A36	0x6E58      	MOVWF       _mode+1 
;PROJPIC.c,232 :: 		}
L_main27:
;PROJPIC.c,233 :: 		delay_ms(1000);   //delay de 1000 milisegundos
0x0A38	0x0E0B      	MOVLW       11
0x0A3A	0x6E0B      	MOVWF       R11, 0
0x0A3C	0x0E26      	MOVLW       38
0x0A3E	0x6E0C      	MOVWF       R12, 0
0x0A40	0x0E5D      	MOVLW       93
0x0A42	0x6E0D      	MOVWF       R13, 0
L_main35:
0x0A44	0x2E0D      	DECFSZ      R13, 1, 0
0x0A46	0xD7FE      	BRA         L_main35
0x0A48	0x2E0C      	DECFSZ      R12, 1, 0
0x0A4A	0xD7FC      	BRA         L_main35
0x0A4C	0x2E0B      	DECFSZ      R11, 1, 0
0x0A4E	0xD7FA      	BRA         L_main35
0x0A50	0x0000      	NOP
0x0A52	0x0000      	NOP
;PROJPIC.c,238 :: 		}
L_main26:
;PROJPIC.c,239 :: 		if (ucRead == 'N'){
0x0A54	0x51C0      	MOVF        main_ucRead_L0, 0, 1
0x0A56	0x0A4E      	XORLW       78
0x0A58	0xE121      	BNZ         L_main36
;PROJPIC.c,241 :: 		Lcd_Cmd(_LCD_CLEAR);                      //Limpa display
0x0A5A	0x0E01      	MOVLW       1
0x0A5C	0x6FCF      	MOVWF       FARG_Lcd_Cmd_out_char, 1
0x0A5E	0xF000EC21  	CALL        _Lcd_Cmd, 0
;PROJPIC.c,242 :: 		lcd_out(1,1,"SITUACAO");
0x0A62	0x0E01      	MOVLW       1
0x0A64	0x6FC7      	MOVWF       FARG_Lcd_Out_row, 1
0x0A66	0x0E01      	MOVLW       1
0x0A68	0x6FC8      	MOVWF       FARG_Lcd_Out_column, 1
0x0A6A	0x0E59      	MOVLW       ?lstr15_PROJPIC
0x0A6C	0x6FC9      	MOVWF       FARG_Lcd_Out_text, 1
0x0A6E	0x0E00      	MOVLW       hi_addr(?lstr15_PROJPIC)
0x0A70	0x6FCA      	MOVWF       FARG_Lcd_Out_text+1, 1
0x0A72	0xDC33      	RCALL       _Lcd_Out
;PROJPIC.c,243 :: 		lcd_out(2,1,"OK");
0x0A74	0x0E02      	MOVLW       2
0x0A76	0x6FC7      	MOVWF       FARG_Lcd_Out_row, 1
0x0A78	0x0E01      	MOVLW       1
0x0A7A	0x6FC8      	MOVWF       FARG_Lcd_Out_column, 1
0x0A7C	0x0E54      	MOVLW       ?lstr16_PROJPIC
0x0A7E	0x6FC9      	MOVWF       FARG_Lcd_Out_text, 1
0x0A80	0x0E00      	MOVLW       hi_addr(?lstr16_PROJPIC)
0x0A82	0x6FCA      	MOVWF       FARG_Lcd_Out_text+1, 1
0x0A84	0xDC2A      	RCALL       _Lcd_Out
;PROJPIC.c,244 :: 		PORTC.RC1 = 1;   //invers?o de estado
0x0A86	0x8282      	BSF         PORTC, 1 
;PROJPIC.c,245 :: 		PORTB.RB0=0;         // Todos os pinos do PORTB em 0.
0x0A88	0x9081      	BCF         PORTB, 0 
;PROJPIC.c,246 :: 		PORTB.RB1=0;         // Todos os pinos do PORTB em 0.
0x0A8A	0x9281      	BCF         PORTB, 1 
;PROJPIC.c,247 :: 		PORTB.RB2=0;         // Todos os pinos do PORTB em 0.
0x0A8C	0x9481      	BCF         PORTB, 2 
;PROJPIC.c,248 :: 		PORTB.RB3=0;         // Todos os pinos do PORTB em 0.
0x0A8E	0x9681      	BCF         PORTB, 3 
;PROJPIC.c,249 :: 		PORTB.RB4=0;         // Todos os pinos do PORTB em 0.
0x0A90	0x9881      	BCF         PORTB, 4 
;PROJPIC.c,250 :: 		PORTB.RB5=0;         // Todos os pinos do PORTB em 0.
0x0A92	0x9A81      	BCF         PORTB, 5 
;PROJPIC.c,251 :: 		PORTB.RB6=0;         // Todos os pinos do PORTB em 0.
0x0A94	0x9C81      	BCF         PORTB, 6 
;PROJPIC.c,252 :: 		PORTB.RB7=0;         // Todos os pinos do PORTB em 0.
0x0A96	0x9E81      	BCF         PORTB, 7 
;PROJPIC.c,253 :: 		mode = 0;
0x0A98	0x6A57      	CLRF        _mode 
0x0A9A	0x6A58      	CLRF        _mode+1 
;PROJPIC.c,254 :: 		}
L_main36:
;PROJPIC.c,255 :: 		if (ucRead == 'F'){          //sitema desligado
0x0A9C	0x51C0      	MOVF        main_ucRead_L0, 0, 1
0x0A9E	0x0A46      	XORLW       70
0x0AA0	0xE112      	BNZ         L_main37
;PROJPIC.c,257 :: 		Lcd_Cmd(_LCD_CLEAR);                      //Limpa display
0x0AA2	0x0E01      	MOVLW       1
0x0AA4	0x6FCF      	MOVWF       FARG_Lcd_Cmd_out_char, 1
0x0AA6	0xF000EC21  	CALL        _Lcd_Cmd, 0
;PROJPIC.c,258 :: 		Display_LCD();  // Escreve no display lcd o valor
0x0AAA	0xDD78      	RCALL       _Display_LCD
;PROJPIC.c,259 :: 		Leitura_RTC();  // Efetua leitura de segundo, minuto e horas do DS1307
0x0AAC	0xDD3F      	RCALL       _Leitura_RTC
;PROJPIC.c,260 :: 		Delay_ms(200);  // Delay de 200 milisegundos
0x0AAE	0x0E03      	MOVLW       3
0x0AB0	0x6E0B      	MOVWF       R11, 0
0x0AB2	0x0E08      	MOVLW       8
0x0AB4	0x6E0C      	MOVWF       R12, 0
0x0AB6	0x0E77      	MOVLW       119
0x0AB8	0x6E0D      	MOVWF       R13, 0
L_main38:
0x0ABA	0x2E0D      	DECFSZ      R13, 1, 0
0x0ABC	0xD7FE      	BRA         L_main38
0x0ABE	0x2E0C      	DECFSZ      R12, 1, 0
0x0AC0	0xD7FC      	BRA         L_main38
0x0AC2	0x2E0B      	DECFSZ      R11, 1, 0
0x0AC4	0xD7FA      	BRA         L_main38
;PROJPIC.c,262 :: 		}
L_main37:
;PROJPIC.c,263 :: 		UART1_Write('P');
0x0AC6	0x0E50      	MOVLW       80
0x0AC8	0x0100      	MOVLB       0
0x0ACA	0x6FC3      	MOVWF       FARG_UART1_Write_data_, 1
0x0ACC	0xDD1F      	RCALL       _UART1_Write
;PROJPIC.c,265 :: 		Delay_ms(50);
0x0ACE	0x0E82      	MOVLW       130
0x0AD0	0x6E0C      	MOVWF       R12, 0
0x0AD2	0x0EDD      	MOVLW       221
0x0AD4	0x6E0D      	MOVWF       R13, 0
L_main39:
0x0AD6	0x2E0D      	DECFSZ      R13, 1, 0
0x0AD8	0xD7FE      	BRA         L_main39
0x0ADA	0x2E0C      	DECFSZ      R12, 1, 0
0x0ADC	0xD7FC      	BRA         L_main39
0x0ADE	0x0000      	NOP
0x0AE0	0x0000      	NOP
;PROJPIC.c,266 :: 		}
L_main24:
;PROJPIC.c,267 :: 		}
L_main23:
;PROJPIC.c,268 :: 		}
0x0AE2	0xD631      	BRA         L_main9
;PROJPIC.c,269 :: 		}
L_end_main:
0x0AE4	0xD7FF      	BRA         $+0
; end of _main
0x0B76	0xF015EE10  	LFSR        1, 21
0x0B7A	0x0E8F      	MOVLW       143
0x0B7C	0x6E00      	MOVWF       R0 
0x0B7E	0x0E01      	MOVLW       1
0x0B80	0x6E01      	MOVWF       R1 
0x0B82	0x0EE6      	MOVLW       230
0x0B84	0x6EF6      	MOVWF       4086 
0x0B86	0x0E0A      	MOVLW       10
0x0B88	0x6EF7      	MOVWF       TBLPTRH 
0x0B8A	0x0E00      	MOVLW       0
0x0B8C	0x6EF8      	MOVWF       TBLPTRU 
0x0B8E	0xF002EC79  	CALL        1266, 0
0x0B92	0x0012      	RETURN      0
;PROJPIC.c,0 :: ?ICS?lstr7_PROJPIC
0x0AE6	0x4153 ;?ICS?lstr7_PROJPIC+0
0x0AE8	0x4142 ;?ICS?lstr7_PROJPIC+2
0x0AEA	0x4F44 ;?ICS?lstr7_PROJPIC+4
0x0AEC	0x00 ;?ICS?lstr7_PROJPIC+6
; end of ?ICS?lstr7_PROJPIC
;PROJPIC.c,0 :: ?ICS?lstr8_PROJPIC
0x0AED	0x4828 ;?ICS?lstr8_PROJPIC+0
0x0AEF	0x726F ;?ICS?lstr8_PROJPIC+2
0x0AF1	0x2961 ;?ICS?lstr8_PROJPIC+4
0x0AF3	0x00 ;?ICS?lstr8_PROJPIC+6
; end of ?ICS?lstr8_PROJPIC
;PROJPIC.c,0 :: ?ICS?lstr1_PROJPIC
0x0AF4	0x4F44 ;?ICS?lstr1_PROJPIC+0
0x0AF6	0x494D ;?ICS?lstr1_PROJPIC+2
0x0AF8	0x474E ;?ICS?lstr1_PROJPIC+4
0x0AFA	0x004F ;?ICS?lstr1_PROJPIC+6
; end of ?ICS?lstr1_PROJPIC
;PROJPIC.c,0 :: ?ICS?lstr2_PROJPIC
0x0AFC	0x4553 ;?ICS?lstr2_PROJPIC+0
0x0AFE	0x5547 ;?ICS?lstr2_PROJPIC+2
0x0B00	0x444E ;?ICS?lstr2_PROJPIC+4
0x0B02	0x0041 ;?ICS?lstr2_PROJPIC+6
; end of ?ICS?lstr2_PROJPIC
;PROJPIC.c,0 :: ?ICS?lstr5_PROJPIC
0x0B04	0x5551 ;?ICS?lstr5_PROJPIC+0
0x0B06	0x4E49 ;?ICS?lstr5_PROJPIC+2
0x0B08	0x4154 ;?ICS?lstr5_PROJPIC+4
0x0B0A	0x00 ;?ICS?lstr5_PROJPIC+6
; end of ?ICS?lstr5_PROJPIC
;PROJPIC.c,0 :: ?ICS?lstr6_PROJPIC
0x0B0B	0x4553 ;?ICS?lstr6_PROJPIC+0
0x0B0D	0x5458 ;?ICS?lstr6_PROJPIC+2
0x0B0F	0x0041 ;?ICS?lstr6_PROJPIC+4
; end of ?ICS?lstr6_PROJPIC
;PROJPIC.c,0 :: ?ICS?lstr3_PROJPIC
0x0B11	0x4554 ;?ICS?lstr3_PROJPIC+0
0x0B13	0x4352 ;?ICS?lstr3_PROJPIC+2
0x0B15	0x0041 ;?ICS?lstr3_PROJPIC+4
; end of ?ICS?lstr3_PROJPIC
;PROJPIC.c,0 :: ?ICS?lstr4_PROJPIC
0x0B17	0x5551 ;?ICS?lstr4_PROJPIC+0
0x0B19	0x5241 ;?ICS?lstr4_PROJPIC+2
0x0B1B	0x4154 ;?ICS?lstr4_PROJPIC+4
0x0B1D	0x00 ;?ICS?lstr4_PROJPIC+6
; end of ?ICS?lstr4_PROJPIC
;PROJPIC.c,0 :: ?ICS?lstr9_PROJPIC
0x0B1E	0x4428 ;?ICS?lstr9_PROJPIC+0
0x0B20	0x7461 ;?ICS?lstr9_PROJPIC+2
0x0B22	0x2961 ;?ICS?lstr9_PROJPIC+4
0x0B24	0x00 ;?ICS?lstr9_PROJPIC+6
; end of ?ICS?lstr9_PROJPIC
;PROJPIC.c,0 :: ?ICS?lstr16_PROJPIC
0x0B25	0x4B4F ;?ICS?lstr16_PROJPIC+0
0x0B27	0x00 ;?ICS?lstr16_PROJPIC+2
; end of ?ICS?lstr16_PROJPIC
;PROJPIC.c,0 :: ?ICS_mode
0x0B28	0x0000 ;?ICS_mode+0
; end of ?ICS_mode
;PROJPIC.c,0 :: ?ICS?lstr15_PROJPIC
0x0B2A	0x4953 ;?ICS?lstr15_PROJPIC+0
0x0B2C	0x5554 ;?ICS?lstr15_PROJPIC+2
0x0B2E	0x4341 ;?ICS?lstr15_PROJPIC+4
0x0B30	0x4F41 ;?ICS?lstr15_PROJPIC+6
0x0B32	0x00 ;?ICS?lstr15_PROJPIC+8
; end of ?ICS?lstr15_PROJPIC
;PROJPIC.c,0 :: ?ICS_ucMask
0x0B33	0x063F ;?ICS_ucMask+0
0x0B35	0x4F5B ;?ICS_ucMask+2
0x0B37	0x6D66 ;?ICS_ucMask+4
0x0B39	0x077D ;?ICS_ucMask+6
0x0B3B	0x6F7F ;?ICS_ucMask+8
; end of ?ICS_ucMask
;PROJPIC.c,0 :: ?ICS?lstr10_PROJPIC
0x0B3D	0x4950 ;?ICS?lstr10_PROJPIC+0
0x0B3F	0x2043 ;?ICS?lstr10_PROJPIC+2
0x0B41	0x6553 ;?ICS?lstr10_PROJPIC+4
0x0B43	0x646E ;?ICS?lstr10_PROJPIC+6
0x0B45	0x522F ;?ICS?lstr10_PROJPIC+8
0x0B47	0x6365 ;?ICS?lstr10_PROJPIC+10
0x0B49	0x6965 ;?ICS?lstr10_PROJPIC+12
0x0B4B	0x6576 ;?ICS?lstr10_PROJPIC+14
0x0B4D	0x00 ;?ICS?lstr10_PROJPIC+16
; end of ?ICS?lstr10_PROJPIC
;PROJPIC.c,0 :: ?ICS_iLeituraAD
0x0B4E	0x0000 ;?ICS_iLeituraAD+0
; end of ?ICS_iLeituraAD
;PROJPIC.c,0 :: ?ICS?lstr13_PROJPIC
0x0B50	0x4953 ;?ICS?lstr13_PROJPIC+0
0x0B52	0x5554 ;?ICS?lstr13_PROJPIC+2
0x0B54	0x4341 ;?ICS?lstr13_PROJPIC+4
0x0B56	0x4F41 ;?ICS?lstr13_PROJPIC+6
0x0B58	0x3A20 ;?ICS?lstr13_PROJPIC+8
0x0B5A	0x0020 ;?ICS?lstr13_PROJPIC+10
; end of ?ICS?lstr13_PROJPIC
;PROJPIC.c,0 :: ?ICS?lstr14_PROJPIC
0x0B5C	0x4E49 ;?ICS?lstr14_PROJPIC+0
0x0B5E	0x4543 ;?ICS?lstr14_PROJPIC+2
0x0B60	0x444E ;?ICS?lstr14_PROJPIC+4
0x0B62	0x4F49 ;?ICS?lstr14_PROJPIC+6
0x0B64	0x00 ;?ICS?lstr14_PROJPIC+8
; end of ?ICS?lstr14_PROJPIC
;PROJPIC.c,0 :: ?ICS?lstr11_PROJPIC
0x0B65	0x6553 ;?ICS?lstr11_PROJPIC+0
0x0B67	0x646E ;?ICS?lstr11_PROJPIC+2
0x0B69	0x3D20 ;?ICS?lstr11_PROJPIC+4
0x0B6B	0x5420 ;?ICS?lstr11_PROJPIC+6
0x0B6D	0x00 ;?ICS?lstr11_PROJPIC+8
; end of ?ICS?lstr11_PROJPIC
;PROJPIC.c,0 :: ?ICS?lstr12_PROJPIC
0x0B6E	0x6552 ;?ICS?lstr12_PROJPIC+0
0x0B70	0x2E63 ;?ICS?lstr12_PROJPIC+2
0x0B72	0x203D ;?ICS?lstr12_PROJPIC+4
0x0B74	0x00 ;?ICS?lstr12_PROJPIC+6
; end of ?ICS?lstr12_PROJPIC
Symbol List:
//** Routines locations **
//ADDRESS    SIZE    PROCEDURE
//----------------------------------------------
0x001C      [10]    _Delay_50us
0x0026      [22]    _Delay_5500us
0x003C       [6]    _Delay_1us
0x0042     [126]    _Lcd_Cmd
0x00C0      [14]    _Lcd_Chr_CP
0x00CE      [26]    _I2C1_Is_Idle
0x00E8      [94]    _Lcd_Chr
0x0146      [66]    _I2C1_Start
0x0188      [80]    _Mul_16X16_U
0x01D8      [22]    _I2C1_Init
0x01EE      [12]    _Delay_22us
0x01FA       [4]    _I2C1_Stop
0x01FE      [50]    _Converte_BCD
0x0230     [116]    _Encontra_Dia_Semana
0x02A4      [10]    _I2C1_Repeated_Start
0x02AE      [44]    _I2C1_Rd
0x02DA     [126]    _Lcd_Out
0x0358      [34]    _I2C1_Wr
0x037A      [88]    _UART1_Init
0x03D2      [54]    _ADC_Read
0x0408      [82]    _Grava_RTC
0x045A     [152]    _Lcd_Init
0x04F2      [16]    ___CC2DW
0x0502      [10]    _UART1_Data_Ready
0x050C      [14]    _UART1_Write
0x051A      [18]    _UART1_Read
0x052C     [112]    _Leitura_RTC
0x059C     [168]    _Display_LCD
0x0644     [108]    _PWM1_Set_Duty
0x06B0       [8]    _PWM1_Init
0x06B8      [10]    _PWM1_Start
0x06C2      [54]    _Div_16X16_U
0x06F8      [10]    _PWM1_Stop
0x0702     [996]    _main
//** Variables locations ** 
//ADDRESS    SIZE    VARIABLE
//----------------------------------------------
0x0000       [1]    R0
0x0000       [1]    UART1_Init_tmp_L0
0x0000       [1]    EEPROM_Write_SaveINTCON_L0
0x0000       [1]    FLASH_Erase_64_SaveINTCON_L0
0x0000       [1]    __Lib_SoftI2C_PutZerosToLATSda_temp_sda_L0
0x0000       [1]    SPI1_Write_tmp_L0
0x0000       [1]    __Lib_SoftI2C_PutZerosToLATScl_temp_scl_L0
0x0001       [1]    FLASH_Write_32_i_L0
0x0001       [1]    R1
0x0001       [1]    FLASH_Erase_Write_64_i_L0
0x0001       [1]    __Lib_TFT_16bit_JPEG_FileReadBytes_Result_L0
0x0001       [1]    I2C1_Rd_tmp_L0
0x0001       [1]    __Lib_PS2_Wait_Falling_nsample_L0
0x0001       [1]    __Lib_TFT_JPEG_FileRead_i_L0
0x0001       [1]    UART1_Read___tmp_UART1_Read_L0
0x0001       [2]    FLASH_Read_N_Bytes_i_L0
0x0001       [1]    __Lib_TFT_JPEG_FileReadBytes_Result_L0
0x0001       [1]    __Lib_TFT_16bit_JPEG_FileRead_i_L0
0x0001       [1]    ispunct_rslt_L0
0x0002       [2]    memset_pp_L0
0x0002       [2]    memcpy_dd_L0
0x0002       [2]    memchr_s_L0
0x0002       [1]    R2
0x0002       [1]    FLASH_Write_32_SaveINTCON_L0
0x0002       [2]    strlen_cp_L0
0x0002       [1]    FLASH_Erase_Write_64_j_L0
0x0003       [2]    __Lib_MmcFat16_f16_toInt_l_L0
0x0003       [1]    __Lib_Sprinti_?FLOC____Lib_Sprinti_Do_FillT29
0x0003       [1]    R3
0x0003       [1]    FLASH_Erase_Write_64_SaveINTCON_L0
0x0003       [2]    Ltrim_original_L0
0x0003       [2]    memmove_tt_L0
0x0003       [1]    MM_Init_i_L0
0x0003       [2]    MM_TotalFreeMemSize_Tot_L0
0x0004       [2]    strcpy_cp_L0
0x0004       [1]    R4
0x0004       [2]    strncpy_cp_L0
0x0004       [2]    strncat_cp_L0
0x0004       [2]    memcpy_ss_L0
0x0004       [1]    __Lib_Sprinti_?FLOC____Lib_Sprinti_Do_FillT40
0x0004       [2]    strcat_cp_L0
0x0004       [2]    frexp_pom_L0
0x0004       [2]    __Lib_MemManager_MM_GetMemAlign_P_L0
0x0005       [1]    MM_TotalFreeMemSize_i_L0
0x0005       [1]    __Lib_Sprinti_?FLOC____Lib_Sprinti_Do_FillT54
0x0005       [1]    R5
0x0005       [2]    memmove_ff_L0
0x0005       [2]    Ltrim_p_L0
0x0005       [2]    LongWordToHex_input_half_L0
0x0005       [2]    LongIntToHex_input_half_L0
0x0006       [1]    R6
0x0006       [1]    __Lib_Sprinti_?FLOC____Lib_Sprinti_Do_FillT69
0x0006       [1]    __Lib_MemManager_MM_GetMemAlign_i_L0
0x0007       [1]    R7
0x0007       [1]    __Lib_TFT_JPEG_GenerateHuffmanTables_bLength_L0
0x0007       [1]    __Lib_TFT_16bit_JPEG_GenerateHuffmanTables_bLength_L0
0x0008       [1]    R8
0x0008       [1]    __Lib_TFT_16bit_JPEG_GenerateHuffmanTables_bTable_L0
0x0008       [1]    __Lib_TFT_JPEG_GenerateHuffmanTables_bTable_L0
0x0009       [1]    R9
0x0009       [4]    __Lib_MmcFat16_f16_toLong_l_L0
0x000A       [1]    R10
0x000B       [1]    R11
0x000C       [1]    R12
0x000D       [1]    R13
0x000E       [1]    R14
0x000F       [1]    R15
0x0010       [1]    R16
0x0011       [1]    R17
0x0012       [1]    R18
0x0013       [1]    R19
0x0014       [1]    R20
0x0015       [7]    ?lstr7_PROJPIC
0x001C       [7]    ?lstr8_PROJPIC
0x0023       [8]    ?lstr1_PROJPIC
0x002B       [8]    ?lstr2_PROJPIC
0x0033       [7]    ?lstr5_PROJPIC
0x003A       [6]    ?lstr6_PROJPIC
0x0040       [6]    ?lstr3_PROJPIC
0x0046       [7]    ?lstr4_PROJPIC
0x004D       [7]    ?lstr9_PROJPIC
0x0054       [3]    ?lstr16_PROJPIC
0x0057       [2]    _mode
0x0059       [9]    ?lstr15_PROJPIC
0x0062      [10]    _ucMask
0x006C      [17]    ?lstr10_PROJPIC
0x007D       [2]    _iLeituraAD
0x007F      [12]    ?lstr13_PROJPIC
0x008B       [9]    ?lstr14_PROJPIC
0x0094       [9]    ?lstr11_PROJPIC
0x009D       [7]    ?lstr12_PROJPIC
0x00A4       [1]    _ucMinuto
0x00A5       [1]    _ucHora
0x00A6       [1]    _ucSegundo
0x00A7       [1]    _ucAno
0x00A8       [1]    _ucDia
0x00A9       [1]    _ucMes
0x00AA       [1]    _ucDia_Semana
0x00AB       [2]    _ucTexto
0x00AD       [0]    __Lib_Lcd_cmd_status
0x00AE       [4]    _UART_Rdy_Ptr
0x00B2       [4]    _UART_Tx_Idle_Ptr
0x00B6       [4]    _UART_Wr_Ptr
0x00BA       [4]    _UART_Rd_Ptr
0x00BE       [2]    _uiValor
0x00C0       [1]    main_ucRead_L0
0x00C1       [2]    main_Control_L0
0x00C3       [1]    FARG_UART1_Write_data_
0x00C3       [1]    FARG_ADC_Read_channel
0x00C3       [1]    FARG_PWM1_Set_Duty_new_duty
0x00C3       [4]    FARG_PWM1_Init_PWM_Freq
0x00C7       [2]    I2C1_Start_j_L0
0x00C7       [1]    FARG_Lcd_Out_row
0x00C7       [1]    FARG_I2C1_Rd_ack
0x00C7       [4]    FARG_I2C1_Init_clock
0x00C7       [1]    FARG_Converte_BCD_ucLinha
0x00C7       [1]    FARG_I2C1_Wr_data_
0x00C8       [1]    FARG_Lcd_Out_column
0x00C8       [1]    FARG_Converte_BCD_ucColuna
0x00C9       [2]    FARG_Lcd_Out_text
0x00C9       [1]    FARG_Converte_BCD_ucValor
0x00CB       [1]    Lcd_Out_i_L0
0x00CC       [1]    FARG_Lcd_Chr_CP_out_char
0x00CC       [1]    FARG_Lcd_Chr_row
0x00CD       [1]    FARG_Lcd_Chr_column
0x00CE       [1]    FARG_Lcd_Chr_out_char
0x00CF       [1]    FARG_Lcd_Cmd_out_char
0x0F80       [1]    PORTA
0x0F81       [1]    PORTB
0x0F82       [1]    PORTC
0x0F83       [1]    PORTD
0x0F83       [0]    LCD_D6
0x0F83       [0]    LCD_D7
0x0F83       [0]    RD5_bit
0x0F83       [0]    RD6_bit
0x0F83       [0]    RD7_bit
0x0F83       [0]    RD4_bit
0x0F83       [0]    LCD_D4
0x0F83       [0]    LCD_D5
0x0F84       [0]    RE2_bit
0x0F84       [0]    LCD_RS
0x0F84       [0]    RE1_bit
0x0F84       [0]    LCD_EN
0x0F8B       [0]    LATC4_bit
0x0F8B       [0]    LATC3_bit
0x0F92       [1]    TRISA
0x0F93       [1]    TRISB
0x0F94       [0]    TRISC3_bit
0x0F94       [0]    TRISC4_bit
0x0F94       [0]    TRISC2_bit
0x0F94       [0]    TRISC6_bit
0x0F94       [0]    TRISC7_bit
0x0F94       [1]    TRISC
0x0F95       [0]    LCD_D5_Direction
0x0F95       [0]    LCD_D6_Direction
0x0F95       [0]    LCD_D7_Direction
0x0F95       [0]    LCD_D4_Direction
0x0F95       [0]    TRISD7_bit
0x0F95       [1]    TRISD
0x0F95       [0]    TRISD6_bit
0x0F95       [0]    TRISD4_bit
0x0F95       [0]    TRISD5_bit
0x0F96       [0]    LCD_RS_Direction
0x0F96       [0]    LCD_EN_Direction
0x0F96       [0]    TRISE1_bit
0x0F96       [0]    TRISE2_bit
0x0F9E       [1]    PIR1
0x0FAB       [1]    RCSTA
0x0FAC       [1]    TXSTA
0x0FAD       [1]    TXREG
0x0FAE       [1]    RCREG
0x0FAF       [1]    SPBRG
0x0FB0       [1]    SPBRGH
0x0FB4       [1]    CMCON
0x0FB8       [1]    BAUDCON
0x0FBD       [1]    CCP1CON
0x0FBE       [1]    CCPR1L
0x0FC0       [1]    ADCON2
0x0FC1       [1]    ADCON1
0x0FC2       [1]    ADCON0
0x0FC3       [1]    ADRESL
0x0FC4       [1]    ADRESH
0x0FC5       [1]    SSPCON2
0x0FC6       [1]    SSPCON1
0x0FC7       [1]    SSPSTAT
0x0FC8       [1]    SSPADD
0x0FC9       [1]    SSPBUF
0x0FCA       [1]    T2CON
0x0FCB       [1]    PR2
0x0FD8       [1]    STATUS
0x0FD9       [1]    FSR2L
0x0FDA       [1]    FSR2H
0x0FDE       [1]    POSTINC2
0x0FE0       [1]    BSR
0x0FE1       [1]    FSR1L
0x0FE2       [1]    FSR1H
0x0FE4       [1]    PREINC1
0x0FE6       [1]    POSTINC1
0x0FE7       [1]    INDF1
0x0FE8       [1]    WREG
0x0FE9       [1]    FSR0L
0x0FEA       [1]    FSR0H
0x0FEE       [1]    POSTINC0
0x0FF3       [1]    PRODL
0x0FF4       [1]    PRODH
0x0FF5       [1]    TABLAT
0x0FF6       [1]    TBLPTRL
0x0FF7       [1]    TBLPTRH
0x0FF8       [1]    TBLPTRU
//** Constants locations ** 
//ADDRESS    SIZE    CONSTANT
//----------------------------------------------
0x0AE6       [7]    ?ICS?lstr7_PROJPIC
0x0AED       [7]    ?ICS?lstr8_PROJPIC
0x0AF4       [8]    ?ICS?lstr1_PROJPIC
0x0AFC       [8]    ?ICS?lstr2_PROJPIC
0x0B04       [7]    ?ICS?lstr5_PROJPIC
0x0B0B       [6]    ?ICS?lstr6_PROJPIC
0x0B11       [6]    ?ICS?lstr3_PROJPIC
0x0B17       [7]    ?ICS?lstr4_PROJPIC
0x0B1E       [7]    ?ICS?lstr9_PROJPIC
0x0B25       [3]    ?ICS?lstr16_PROJPIC
0x0B28       [2]    ?ICS_mode
0x0B2A       [9]    ?ICS?lstr15_PROJPIC
0x0B33      [10]    ?ICS_ucMask
0x0B3D      [17]    ?ICS?lstr10_PROJPIC
0x0B4E       [2]    ?ICS_iLeituraAD
0x0B50      [12]    ?ICS?lstr13_PROJPIC
0x0B5C       [9]    ?ICS?lstr14_PROJPIC
0x0B65       [9]    ?ICS?lstr11_PROJPIC
0x0B6E       [7]    ?ICS?lstr12_PROJPIC
